\BOOKMARK [1][-]{section.1}{Introduction}{}% 1
\BOOKMARK [2][-]{subsection.1.1}{What is a Raspberry Pi?}{section.1}% 2
\BOOKMARK [2][-]{subsection.1.2}{Why use the Raspberry Pi?}{section.1}% 3
\BOOKMARK [1][-]{section.2}{Unpacking and Connecting the Pi}{}% 4
\BOOKMARK [2][-]{subsection.2.1}{Packaging List}{section.2}% 5
\BOOKMARK [3][-]{subsubsection.2.1.1}{``Vilros RP Zero W Basics Kit''}{subsection.2.1}% 6
\BOOKMARK [3][-]{subsubsection.2.1.2}{Other items}{subsection.2.1}% 7
\BOOKMARK [2][-]{subsection.2.2}{Install Raspberry Pi OS on SD card}{section.2}% 8
\BOOKMARK [2][-]{subsection.2.3}{Create Secure Shell Connectivity Files}{section.2}% 9
\BOOKMARK [2][-]{subsection.2.4}{Assemble and Connecting the Pi}{section.2}% 10
\BOOKMARK [3][-]{subsubsection.2.4.1}{Putting the Pi together}{subsection.2.4}% 11
\BOOKMARK [1][-]{section.3}{Accessing and updating Raspberry Pi OS}{}% 12
\BOOKMARK [2][-]{subsection.3.1}{Remote connection via SSH}{section.3}% 13
\BOOKMARK [3][-]{subsubsection.3.1.1}{Installing Raspberry Pi Finder and finding Pi's IP address}{subsection.3.1}% 14
\BOOKMARK [3][-]{subsubsection.3.1.2}{SSH connection}{subsection.3.1}% 15
\BOOKMARK [2][-]{subsection.3.2}{Update and Upgrading Raspberry Pi OS}{section.3}% 16
\BOOKMARK [1][-]{section.4}{Configuring the Pi}{}% 17
\BOOKMARK [2][-]{subsection.4.1}{Changing the Pi User Password}{section.4}% 18
\BOOKMARK [2][-]{subsection.4.2}{Network Options}{section.4}% 19
\BOOKMARK [2][-]{subsection.4.3}{Boot Options}{section.4}% 20
\BOOKMARK [2][-]{subsection.4.4}{Localization Options}{section.4}% 21
\BOOKMARK [2][-]{subsection.4.5}{Interfacing Options \(enable SSH\)}{section.4}% 22
\BOOKMARK [2][-]{subsection.4.6}{Virtual Network Computing \(VNC\) Option}{section.4}% 23
\BOOKMARK [1][-]{section.5}{Finishing Up}{}% 24
\BOOKMARK [1][-]{section.6}{Putting the Pi in the Case}{}% 25
