<<<<<<< HEAD
This is pdfTeX, Version 3.1415926-2.5-1.40.14 (TeX Live 2013) (format=pdflatex 2020.5.9)  19 OCT 2020 19:40
=======
This is pdfTeX, Version 3.1415926-2.5-1.40.14 (TeX Live 2013) (format=pdflatex 2020.5.9)  19 OCT 2020 14:34
>>>>>>> b42999555c03a8d27c67611a405e421f933ed193
entering extended mode
 restricted \write18 enabled.
 %&-line parsing enabled.
**1_Getting_Started_with_Pi.tex
(./1_Getting_Started_with_Pi.tex
LaTeX2e <2011/06/27>
Babel <v3.8m> and hyphenation patterns for english, dumylang, nohyphenation, uk
rainian, russian, bulgarian, loaded.
(/usr/share/texlive/texmf-dist/tex/latex/base/article.cls
Document Class: article 2007/10/19 v1.4h Standard LaTeX document class
(/usr/share/texlive/texmf-dist/tex/latex/base/size10.clo
File: size10.clo 2007/10/19 v1.4h Standard LaTeX file (size option)
)
\c@part=\count79
\c@section=\count80
\c@subsection=\count81
\c@subsubsection=\count82
\c@paragraph=\count83
\c@subparagraph=\count84
\c@figure=\count85
\c@table=\count86
\abovecaptionskip=\skip41
\belowcaptionskip=\skip42
\bibindent=\dimen102
)
(/usr/share/texlive/texmf-dist/tex/latex/graphics/graphicx.sty
Package: graphicx 1999/02/16 v1.0f Enhanced LaTeX Graphics (DPC,SPQR)

(/usr/share/texlive/texmf-dist/tex/latex/graphics/keyval.sty
Package: keyval 1999/03/16 v1.13 key=value parser (DPC)
\KV@toks@=\toks14
)
(/usr/share/texlive/texmf-dist/tex/latex/graphics/graphics.sty
Package: graphics 2009/02/05 v1.0o Standard LaTeX Graphics (DPC,SPQR)

(/usr/share/texlive/texmf-dist/tex/latex/graphics/trig.sty
Package: trig 1999/03/16 v1.09 sin cos tan (DPC)
)
(/usr/share/texlive/texmf-dist/tex/latex/latexconfig/graphics.cfg
File: graphics.cfg 2010/04/23 v1.9 graphics configuration of TeX Live
)
Package graphics Info: Driver file: pdftex.def on input line 91.

(/usr/share/texlive/texmf-dist/tex/latex/pdftex-def/pdftex.def
File: pdftex.def 2011/05/27 v0.06d Graphics/color for pdfTeX

(/usr/share/texlive/texmf-dist/tex/generic/oberdiek/infwarerr.sty
Package: infwarerr 2010/04/08 v1.3 Providing info/warning/error messages (HO)
)
(/usr/share/texlive/texmf-dist/tex/generic/oberdiek/ltxcmds.sty
Package: ltxcmds 2011/11/09 v1.22 LaTeX kernel commands for general use (HO)
)
\Gread@gobject=\count87
))
\Gin@req@height=\dimen103
\Gin@req@width=\dimen104
)
(/usr/share/texlive/texmf-dist/tex/latex/graphics/color.sty
Package: color 2005/11/14 v1.0j Standard LaTeX Color (DPC)

(/usr/share/texlive/texmf-dist/tex/latex/latexconfig/color.cfg
File: color.cfg 2007/01/18 v1.5 color configuration of teTeX/TeXLive
)
Package color Info: Driver file: pdftex.def on input line 130.
)
(/usr/share/texlive/texmf-dist/tex/latex/hyperref/hyperref.sty
Package: hyperref 2012/11/06 v6.83m Hypertext links for LaTeX

(/usr/share/texlive/texmf-dist/tex/generic/oberdiek/hobsub-hyperref.sty
Package: hobsub-hyperref 2012/05/28 v1.13 Bundle oberdiek, subset hyperref (HO)


(/usr/share/texlive/texmf-dist/tex/generic/oberdiek/hobsub-generic.sty
Package: hobsub-generic 2012/05/28 v1.13 Bundle oberdiek, subset generic (HO)
Package: hobsub 2012/05/28 v1.13 Construct package bundles (HO)
Package hobsub Info: Skipping package `infwarerr' (already loaded).
Package hobsub Info: Skipping package `ltxcmds' (already loaded).
Package: ifluatex 2010/03/01 v1.3 Provides the ifluatex switch (HO)
Package ifluatex Info: LuaTeX not detected.
Package: ifvtex 2010/03/01 v1.5 Detect VTeX and its facilities (HO)
Package ifvtex Info: VTeX not detected.
Package: intcalc 2007/09/27 v1.1 Expandable calculations with integers (HO)
Package: ifpdf 2011/01/30 v2.3 Provides the ifpdf switch (HO)
Package ifpdf Info: pdfTeX in PDF mode is detected.
Package: etexcmds 2011/02/16 v1.5 Avoid name clashes with e-TeX commands (HO)
Package etexcmds Info: Could not find \expanded.
(etexcmds)             That can mean that you are not using pdfTeX 1.50 or
(etexcmds)             that some package has redefined \expanded.
(etexcmds)             In the latter case, load this package earlier.
Package: kvsetkeys 2012/04/25 v1.16 Key value parser (HO)
Package: kvdefinekeys 2011/04/07 v1.3 Define keys (HO)
Package: pdftexcmds 2011/11/29 v0.20 Utility functions of pdfTeX for LuaTeX (HO
)
Package pdftexcmds Info: LuaTeX not detected.
Package pdftexcmds Info: \pdf@primitive is available.
Package pdftexcmds Info: \pdf@ifprimitive is available.
Package pdftexcmds Info: \pdfdraftmode found.
Package: pdfescape 2011/11/25 v1.13 Implements pdfTeX's escape features (HO)
Package: bigintcalc 2012/04/08 v1.3 Expandable calculations on big integers (HO
)
Package: bitset 2011/01/30 v1.1 Handle bit-vector datatype (HO)
Package: uniquecounter 2011/01/30 v1.2 Provide unlimited unique counter (HO)
)
Package hobsub Info: Skipping package `hobsub' (already loaded).
Package: letltxmacro 2010/09/02 v1.4 Let assignment for LaTeX macros (HO)
Package: hopatch 2012/05/28 v1.2 Wrapper for package hooks (HO)
Package: xcolor-patch 2011/01/30 xcolor patch
Package: atveryend 2011/06/30 v1.8 Hooks at the very end of document (HO)
Package atveryend Info: \enddocument detected (standard20110627).
Package: atbegshi 2011/10/05 v1.16 At begin shipout hook (HO)
Package: refcount 2011/10/16 v3.4 Data extraction from label references (HO)
Package: hycolor 2011/01/30 v1.7 Color options for hyperref/bookmark (HO)
)
(/usr/share/texlive/texmf-dist/tex/generic/ifxetex/ifxetex.sty
Package: ifxetex 2010/09/12 v0.6 Provides ifxetex conditional
)
(/usr/share/texlive/texmf-dist/tex/latex/oberdiek/auxhook.sty
Package: auxhook 2011/03/04 v1.3 Hooks for auxiliary files (HO)
)
(/usr/share/texlive/texmf-dist/tex/latex/oberdiek/kvoptions.sty
Package: kvoptions 2011/06/30 v3.11 Key value format for package options (HO)
)
\@linkdim=\dimen105
\Hy@linkcounter=\count88
\Hy@pagecounter=\count89

(/usr/share/texlive/texmf-dist/tex/latex/hyperref/pd1enc.def
File: pd1enc.def 2012/11/06 v6.83m Hyperref: PDFDocEncoding definition (HO)
)
\Hy@SavedSpaceFactor=\count90

(/usr/share/texlive/texmf-dist/tex/latex/latexconfig/hyperref.cfg
File: hyperref.cfg 2002/06/06 v1.2 hyperref configuration of TeXLive
)
Package hyperref Info: Option `colorlinks' set `true' on input line 4319.
Package hyperref Info: Hyper figures OFF on input line 4443.
Package hyperref Info: Link nesting OFF on input line 4448.
Package hyperref Info: Hyper index ON on input line 4451.
Package hyperref Info: Plain pages OFF on input line 4458.
Package hyperref Info: Backreferencing OFF on input line 4463.
Package hyperref Info: Implicit mode ON; LaTeX internals redefined.
Package hyperref Info: Bookmarks ON on input line 4688.
\c@Hy@tempcnt=\count91

(/usr/share/texlive/texmf-dist/tex/latex/url/url.sty
\Urlmuskip=\muskip10
Package: url 2006/04/12  ver 3.3  Verb mode for urls, etc.
)
LaTeX Info: Redefining \url on input line 5041.
\XeTeXLinkMargin=\dimen106
\Fld@menulength=\count92
\Field@Width=\dimen107
\Fld@charsize=\dimen108
Package hyperref Info: Hyper figures OFF on input line 6295.
Package hyperref Info: Link nesting OFF on input line 6300.
Package hyperref Info: Hyper index ON on input line 6303.
Package hyperref Info: backreferencing OFF on input line 6310.
Package hyperref Info: Link coloring ON on input line 6313.
Package hyperref Info: Link coloring with OCG OFF on input line 6320.
Package hyperref Info: PDF/A mode OFF on input line 6325.
LaTeX Info: Redefining \ref on input line 6365.
LaTeX Info: Redefining \pageref on input line 6369.
\Hy@abspage=\count93
\c@Item=\count94
\c@Hfootnote=\count95
)

Package hyperref Message: Driver (autodetected): hpdftex.

(/usr/share/texlive/texmf-dist/tex/latex/hyperref/hpdftex.def
File: hpdftex.def 2012/11/06 v6.83m Hyperref driver for pdfTeX
\Fld@listcount=\count96
\c@bookmark@seq@number=\count97

(/usr/share/texlive/texmf-dist/tex/latex/oberdiek/rerunfilecheck.sty
Package: rerunfilecheck 2011/04/15 v1.7 Rerun checks for auxiliary files (HO)
Package uniquecounter Info: New unique counter `rerunfilecheck' on input line 2
82.
)
\Hy@SectionHShift=\skip43
)
(/usr/share/texlive/texmf-dist/tex/latex/listings/listings.sty
\lst@mode=\count98
\lst@gtempboxa=\box26
\lst@token=\toks15
\lst@length=\count99
\lst@currlwidth=\dimen109
\lst@column=\count100
\lst@pos=\count101
\lst@lostspace=\dimen110
\lst@width=\dimen111
\lst@newlines=\count102
\lst@lineno=\count103
\lst@maxwidth=\dimen112

(/usr/share/texlive/texmf-dist/tex/latex/listings/lstmisc.sty
File: lstmisc.sty 2007/02/22 1.4 (Carsten Heinz)
\c@lstnumber=\count104
\lst@skipnumbers=\count105
\lst@framebox=\box27
)
(/usr/share/texlive/texmf-dist/tex/latex/listings/listings.cfg
File: listings.cfg 2007/02/22 1.4 listings configuration
))
Package: listings 2007/02/22 1.4 (Carsten Heinz)

(/usr/share/texlive/texmf-dist/tex/latex/listings/lstlang1.sty
File: lstlang1.sty 2004/09/05 1.3 listings language file
)
(/usr/share/texlive/texmf-dist/tex/latex/listings/lstlang1.sty
File: lstlang1.sty 2004/09/05 1.3 listings language file
)
(/usr/share/texlive/texmf-dist/tex/latex/enumitem/enumitem.sty
Package: enumitem 2011/09/28 v3.5.2 Customized lists
\labelindent=\skip44
\enit@outerparindent=\dimen113
\enit@toks=\toks16
\enit@inbox=\box28
\enitdp@description=\count106
)
(/usr/share/texlive/texmf-dist/tex/latex/framed/framed.sty
Package: framed 2011/10/22 v 0.96: framed or shaded text with page breaks
\OuterFrameSep=\skip45
\fb@frw=\dimen114
\fb@frh=\dimen115
\FrameRule=\dimen116
\FrameSep=\dimen117
)
(/usr/share/texlive/texmf-dist/tex/latex/base/alltt.sty
Package: alltt 1997/06/16 v2.0g defines alltt environment
)
(/usr/share/texlive/texmf-dist/tex/latex/upquote/upquote.sty
Package: upquote 2012/04/19 v1.3 upright-quote and grave-accent glyphs in verba
tim
)
(./1_Getting_Started_with_Pi.aux

LaTeX Warning: Label `fig:pi_imager' multiply defined.

)
\openout1 = `1_Getting_Started_with_Pi.aux'.

LaTeX Font Info:    Checking defaults for OML/cmm/m/it on input line 92.
LaTeX Font Info:    ... okay on input line 92.
LaTeX Font Info:    Checking defaults for T1/cmr/m/n on input line 92.
LaTeX Font Info:    ... okay on input line 92.
LaTeX Font Info:    Checking defaults for OT1/cmr/m/n on input line 92.
LaTeX Font Info:    ... okay on input line 92.
LaTeX Font Info:    Checking defaults for OMS/cmsy/m/n on input line 92.
LaTeX Font Info:    ... okay on input line 92.
LaTeX Font Info:    Checking defaults for OMX/cmex/m/n on input line 92.
LaTeX Font Info:    ... okay on input line 92.
LaTeX Font Info:    Checking defaults for U/cmr/m/n on input line 92.
LaTeX Font Info:    ... okay on input line 92.
LaTeX Font Info:    Checking defaults for PD1/pdf/m/n on input line 92.
LaTeX Font Info:    ... okay on input line 92.
 (/usr/share/texlive/texmf-dist/tex/context/base/supp-pdf.mkii
[Loading MPS to PDF converter (version 2006.09.02).]
\scratchcounter=\count107
\scratchdimen=\dimen118
\scratchbox=\box29
\nofMPsegments=\count108
\nofMParguments=\count109
\everyMPshowfont=\toks17
\MPscratchCnt=\count110
\MPscratchDim=\dimen119
\MPnumerator=\count111
\makeMPintoPDFobject=\count112
\everyMPtoPDFconversion=\toks18
) (/usr/share/texlive/texmf-dist/tex/latex/oberdiek/epstopdf-base.sty
Package: epstopdf-base 2010/02/09 v2.5 Base part for package epstopdf

(/usr/share/texlive/texmf-dist/tex/latex/oberdiek/grfext.sty
Package: grfext 2010/08/19 v1.1 Manage graphics extensions (HO)
)
Package grfext Info: Graphics extension search list:
(grfext)             [.png,.pdf,.jpg,.mps,.jpeg,.jbig2,.jb2,.PNG,.PDF,.JPG,.JPE
G,.JBIG2,.JB2,.eps]
(grfext)             \AppendGraphicsExtensions on input line 452.

(/usr/share/texlive/texmf-dist/tex/latex/latexconfig/epstopdf-sys.cfg
File: epstopdf-sys.cfg 2010/07/13 v1.3 Configuration of (r)epstopdf for TeX Liv
e
))
\AtBeginShipoutBox=\box30
Package hyperref Info: Link coloring ON on input line 92.

(/usr/share/texlive/texmf-dist/tex/latex/hyperref/nameref.sty
Package: nameref 2012/10/27 v2.43 Cross-referencing by name of section

(/usr/share/texlive/texmf-dist/tex/generic/oberdiek/gettitlestring.sty
Package: gettitlestring 2010/12/03 v1.4 Cleanup title references (HO)
)
\c@section@level=\count113
)
LaTeX Info: Redefining \ref on input line 92.
LaTeX Info: Redefining \pageref on input line 92.
LaTeX Info: Redefining \nameref on input line 92.

(./1_Getting_Started_with_Pi.out) (./1_Getting_Started_with_Pi.out)
\@outlinefile=\write3
\openout3 = `1_Getting_Started_with_Pi.out'.


(/usr/share/texlive/texmf-dist/tex/latex/base/textcomp.sty
Package: textcomp 2005/09/27 v1.99g Standard LaTeX package
Package textcomp Info: Sub-encoding information:
(textcomp)               5 = only ISO-Adobe without \textcurrency
(textcomp)               4 = 5 + \texteuro
(textcomp)               3 = 4 + \textohm
(textcomp)               2 = 3 + \textestimated + \textcurrency
(textcomp)               1 = TS1 - \textcircled - \t
(textcomp)               0 = TS1 (full)
(textcomp)             Font families with sub-encoding setting implement
(textcomp)             only a restricted character set as indicated.
(textcomp)             Family '?' is the default used for unknown fonts.
(textcomp)             See the documentation for details.
Package textcomp Info: Setting ? sub-encoding to TS1/1 on input line 71.

(/usr/share/texlive/texmf-dist/tex/latex/base/ts1enc.def
File: ts1enc.def 2001/06/05 v3.0e (jk/car/fm) Standard LaTeX file
)
LaTeX Info: Redefining \oldstylenums on input line 266.
Package textcomp Info: Setting cmr sub-encoding to TS1/0 on input line 281.
Package textcomp Info: Setting cmss sub-encoding to TS1/0 on input line 282.
Package textcomp Info: Setting cmtt sub-encoding to TS1/0 on input line 283.
Package textcomp Info: Setting cmvtt sub-encoding to TS1/0 on input line 284.
Package textcomp Info: Setting cmbr sub-encoding to TS1/0 on input line 285.
Package textcomp Info: Setting cmtl sub-encoding to TS1/0 on input line 286.
Package textcomp Info: Setting ccr sub-encoding to TS1/0 on input line 287.
Package textcomp Info: Setting ptm sub-encoding to TS1/4 on input line 288.
Package textcomp Info: Setting pcr sub-encoding to TS1/4 on input line 289.
Package textcomp Info: Setting phv sub-encoding to TS1/4 on input line 290.
Package textcomp Info: Setting ppl sub-encoding to TS1/3 on input line 291.
Package textcomp Info: Setting pag sub-encoding to TS1/4 on input line 292.
Package textcomp Info: Setting pbk sub-encoding to TS1/4 on input line 293.
Package textcomp Info: Setting pnc sub-encoding to TS1/4 on input line 294.
Package textcomp Info: Setting pzc sub-encoding to TS1/4 on input line 295.
Package textcomp Info: Setting bch sub-encoding to TS1/4 on input line 296.
Package textcomp Info: Setting put sub-encoding to TS1/5 on input line 297.
Package textcomp Info: Setting uag sub-encoding to TS1/5 on input line 298.
Package textcomp Info: Setting ugq sub-encoding to TS1/5 on input line 299.
Package textcomp Info: Setting ul8 sub-encoding to TS1/4 on input line 300.
Package textcomp Info: Setting ul9 sub-encoding to TS1/4 on input line 301.
Package textcomp Info: Setting augie sub-encoding to TS1/5 on input line 302.
Package textcomp Info: Setting dayrom sub-encoding to TS1/3 on input line 303.
Package textcomp Info: Setting dayroms sub-encoding to TS1/3 on input line 304.

Package textcomp Info: Setting pxr sub-encoding to TS1/0 on input line 305.
Package textcomp Info: Setting pxss sub-encoding to TS1/0 on input line 306.
Package textcomp Info: Setting pxtt sub-encoding to TS1/0 on input line 307.
Package textcomp Info: Setting txr sub-encoding to TS1/0 on input line 308.
Package textcomp Info: Setting txss sub-encoding to TS1/0 on input line 309.
Package textcomp Info: Setting txtt sub-encoding to TS1/0 on input line 310.
Package textcomp Info: Setting lmr sub-encoding to TS1/0 on input line 311.
Package textcomp Info: Setting lmdh sub-encoding to TS1/0 on input line 312.
Package textcomp Info: Setting lmss sub-encoding to TS1/0 on input line 313.
Package textcomp Info: Setting lmssq sub-encoding to TS1/0 on input line 314.
Package textcomp Info: Setting lmvtt sub-encoding to TS1/0 on input line 315.
Package textcomp Info: Setting qhv sub-encoding to TS1/0 on input line 316.
Package textcomp Info: Setting qag sub-encoding to TS1/0 on input line 317.
Package textcomp Info: Setting qbk sub-encoding to TS1/0 on input line 318.
Package textcomp Info: Setting qcr sub-encoding to TS1/0 on input line 319.
Package textcomp Info: Setting qcs sub-encoding to TS1/0 on input line 320.
Package textcomp Info: Setting qpl sub-encoding to TS1/0 on input line 321.
Package textcomp Info: Setting qtm sub-encoding to TS1/0 on input line 322.
Package textcomp Info: Setting qzc sub-encoding to TS1/0 on input line 323.
Package textcomp Info: Setting qhvc sub-encoding to TS1/0 on input line 324.
Package textcomp Info: Setting futs sub-encoding to TS1/4 on input line 325.
Package textcomp Info: Setting futx sub-encoding to TS1/4 on input line 326.
Package textcomp Info: Setting futj sub-encoding to TS1/4 on input line 327.
Package textcomp Info: Setting hlh sub-encoding to TS1/3 on input line 328.
Package textcomp Info: Setting hls sub-encoding to TS1/3 on input line 329.
Package textcomp Info: Setting hlst sub-encoding to TS1/3 on input line 330.
Package textcomp Info: Setting hlct sub-encoding to TS1/5 on input line 331.
Package textcomp Info: Setting hlx sub-encoding to TS1/5 on input line 332.
Package textcomp Info: Setting hlce sub-encoding to TS1/5 on input line 333.
Package textcomp Info: Setting hlcn sub-encoding to TS1/5 on input line 334.
Package textcomp Info: Setting hlcw sub-encoding to TS1/5 on input line 335.
Package textcomp Info: Setting hlcf sub-encoding to TS1/5 on input line 336.
Package textcomp Info: Setting pplx sub-encoding to TS1/3 on input line 337.
Package textcomp Info: Setting pplj sub-encoding to TS1/3 on input line 338.
Package textcomp Info: Setting ptmx sub-encoding to TS1/4 on input line 339.
Package textcomp Info: Setting ptmj sub-encoding to TS1/4 on input line 340.
)
\c@lstlisting=\count114
LaTeX Font Info:    External font `cmex10' loaded for size
(Font)              <12> on input line 95.
LaTeX Font Info:    External font `cmex10' loaded for size
(Font)              <8> on input line 95.
LaTeX Font Info:    External font `cmex10' loaded for size
(Font)              <6> on input line 95.
LaTeX Font Info:    External font `cmex10' loaded for size
(Font)              <5> on input line 95.
 [1

{/usr/share/texlive/texmf/fonts/map/pdftex/updmap/pdftex.map}] (./1_Getting_Sta
rted_with_Pi.toc
LaTeX Font Info:    External font `cmex10' loaded for size
(Font)              <7> on input line 2.
)
\tf@toc=\write4
\openout4 = `1_Getting_Started_with_Pi.toc'.


[2] [3] <./images/1_Pi_Imager.png, id=164, 694.595pt x 461.725pt>
File: ./images/1_Pi_Imager.png Graphic file (type png)

<use ./images/1_Pi_Imager.png>
Package pdftex.def Info: ./images/1_Pi_Imager.png used on input line 151.
(pdftex.def)             Requested size: 345.0pt x 229.34013pt.
 [4 <./images/1_Pi_Imager.png (PNG copy)>]
LaTeX Font Info:    Try loading font information for TS1+cmr on input line 166.


(/usr/share/texlive/texmf-dist/tex/latex/base/ts1cmr.fd
File: ts1cmr.fd 1999/05/25 v2.5h Standard LaTeX font definitions
)
<./images/1_MACtext_1.jpg, id=182, 932.48375pt x 495.8525pt>
File: ./images/1_MACtext_1.jpg Graphic file (type jpg)

<use ./images/1_MACtext_1.jpg>
Package pdftex.def Info: ./images/1_MACtext_1.jpg used on input line 174.
(pdftex.def)             Requested size: 345.0pt x 183.45499pt.

<./images/1_MACtext_2.jpg, id=184, 932.48375pt x 495.8525pt>
File: ./images/1_MACtext_2.jpg Graphic file (type jpg)

<use ./images/1_MACtext_2.jpg>
Package pdftex.def Info: ./images/1_MACtext_2.jpg used on input line 182.
(pdftex.def)             Requested size: 345.0pt x 183.45499pt.

<./images/1_MACtext_3.jpg, id=186, 932.48375pt x 495.8525pt>
File: ./images/1_MACtext_3.jpg Graphic file (type jpg)

<use ./images/1_MACtext_3.jpg>
Package pdftex.def Info: ./images/1_MACtext_3.jpg used on input line 190.
(pdftex.def)             Requested size: 345.0pt x 183.45499pt.

<./images/1_MACtext_4.jpg, id=188, 932.48375pt x 495.8525pt>
File: ./images/1_MACtext_4.jpg Graphic file (type jpg)

<use ./images/1_MACtext_4.jpg>
Package pdftex.def Info: ./images/1_MACtext_4.jpg used on input line 197.
(pdftex.def)             Requested size: 172.5pt x 91.72371pt.

<./images/1_MACtext_5.jpg, id=190, 268.00125pt x 478.78876pt>
File: ./images/1_MACtext_5.jpg Graphic file (type jpg)

<use ./images/1_MACtext_5.jpg>
Package pdftex.def Info: ./images/1_MACtext_5.jpg used on input line 205.
(pdftex.def)             Requested size: 172.5pt x 308.16982pt.

<./images/sdbootnew.png, id=191, 1037.37563pt x 663.98062pt>
File: ./images/sdbootnew.png Graphic file (type png)

<use ./images/sdbootnew.png>
Package pdftex.def Info: ./images/sdbootnew.png used on input line 218.
(pdftex.def)             Requested size: 345.0pt x 220.81638pt.

<./images/sdbootaf.png, id=193, 1037.37563pt x 663.98062pt>
File: ./images/sdbootaf.png Graphic file (type png)

<use ./images/sdbootaf.png>
Package pdftex.def Info: ./images/sdbootaf.png used on input line 223.
(pdftex.def)             Requested size: 345.0pt x 220.81638pt.

<./images/sdbootays.png, id=194, 1037.37563pt x 663.98062pt>
File: ./images/sdbootays.png Graphic file (type png)

<use ./images/sdbootays.png>
Package pdftex.def Info: ./images/sdbootays.png used on input line 231.
(pdftex.def)             Requested size: 345.0pt x 220.81638pt.
 [5 <./images/1_MACtext_1.jpg>] [6 <./images/1_MACtext_2.jpg> <./images/1_MACte
xt_3.jpg> <./images/1_MACtext_4.jpg>] [7 <./images/1_MACtext_5.jpg>] [8 <./imag
es/sdbootnew.png> <./images/sdbootaf.png>] [9 <./images/sdbootays.png>] [10

]
Underfull \hbox (badness 10000) in paragraph at lines 309--310

 []

[11] <./images/cmd.PNG, id=263, 307.1475pt x 484.81125pt>
File: ./images/cmd.PNG Graphic file (type png)

<use ./images/cmd.PNG>
Package pdftex.def Info: ./images/cmd.PNG used on input line 333.
(pdftex.def)             Requested size: 215.00177pt x 339.36555pt.

Underfull \hbox (badness 10000) in paragraph at lines 330--334

 []

[12] <./images/cmdssh.PNG, id=281, 520.19344pt x 365.11406pt>
File: ./images/cmdssh.PNG Graphic file (type png)

<use ./images/cmdssh.PNG>
Package pdftex.def Info: ./images/cmdssh.PNG used on input line 338.
(pdftex.def)             Requested size: 345.0pt x 242.14597pt.

Overfull \hbox (47.00003pt too wide) in paragraph at lines 338--339
[] 
 []

[13 <./images/cmd.PNG>]
<./images/searchterm.png, id=291, 682.55pt x 430.60875pt>
File: ./images/searchterm.png Graphic file (type png)

<use ./images/searchterm.png>
Package pdftex.def Info: ./images/searchterm.png used on input line 344.
(pdftex.def)             Requested size: 345.0pt x 217.6561pt.

Overfull \hbox (47.00003pt too wide) in paragraph at lines 342--346
[] 
 []


Underfull \hbox (badness 10000) in paragraph at lines 342--346

 []

[14 <./images/cmdssh.PNG> <./images/searchterm.png>]
<./images/termssh.png, id=301, 656.4525pt x 451.6875pt>
File: ./images/termssh.png Graphic file (type png)

<use ./images/termssh.png>
Package pdftex.def Info: ./images/termssh.png used on input line 350.
(pdftex.def)             Requested size: 345.0pt x 237.3876pt.

Overfull \hbox (47.00003pt too wide) in paragraph at lines 350--351
[] 
 []

<./images/cmdsshpw.PNG, id=302, 520.19344pt x 365.11406pt>
File: ./images/cmdsshpw.PNG Graphic file (type png)

<use ./images/cmdsshpw.PNG>
Package pdftex.def Info: ./images/cmdsshpw.PNG used on input line 359.
(pdftex.def)             Requested size: 345.0pt x 242.14597pt.

<./images/termsshpw.png, id=303, 684.5575pt x 479.7925pt>
File: ./images/termsshpw.png Graphic file (type png)

<use ./images/termsshpw.png>
Package pdftex.def Info: ./images/termsshpw.png used on input line 360.
(pdftex.def)             Requested size: 345.0pt x 241.80644pt.

Underfull \hbox (badness 10000) in paragraph at lines 356--367

 []


Overfull \hbox (25.00003pt too wide) in paragraph at lines 356--367
[]
 []


Overfull \hbox (25.00003pt too wide) in paragraph at lines 356--367
[] 
 []


Underfull \hbox (badness 10000) in paragraph at lines 356--367

 []


Underfull \hbox (badness 10000) in paragraph at lines 356--367

 []

[15 <./images/termssh.png>] [16 <./images/cmdsshpw.PNG> <./images/termsshpw.png
>]
LaTeX Font Info:    Try loading font information for TS1+cmtt on input line 369
.
 (/usr/share/texlive/texmf-dist/tex/latex/base/ts1cmtt.fd
File: ts1cmtt.fd 1999/05/25 v2.5h Standard LaTeX font definitions
)
<./images/cmdsshrp.PNG, id=318, 598.48593pt x 385.44pt>
File: ./images/cmdsshrp.PNG Graphic file (type png)

<use ./images/cmdsshrp.PNG>
Package pdftex.def Info: ./images/cmdsshrp.PNG used on input line 371.
(pdftex.def)             Requested size: 345.0pt x 222.19089pt.

<./images/termsshpwconf.png, id=319, 684.5575pt x 479.7925pt>
File: ./images/termsshpwconf.png Graphic file (type png)

<use ./images/termsshpwconf.png>
Package pdftex.def Info: ./images/termsshpwconf.png used on input line 372.
(pdftex.def)             Requested size: 345.0pt x 241.80644pt.

Overfull \hbox (25.00003pt too wide) in paragraph at lines 371--373
[]
 []


Overfull \hbox (25.00003pt too wide) in paragraph at lines 371--373
[] 
 []

[17 <./images/cmdsshrp.PNG> <./images/termsshpwconf.png>]
<./images/aptupdate.PNG, id=330, 737.00343pt x 385.44pt>
File: ./images/aptupdate.PNG Graphic file (type png)

<use ./images/aptupdate.PNG>
Package pdftex.def Info: ./images/aptupdate.PNG used on input line 386.
(pdftex.def)             Requested size: 345.0pt x 180.42754pt.

Overfull \hbox (25.00003pt too wide) in paragraph at lines 386--387
[] 
 []

<./images/aptupgradecont.PNG, id=331, 737.00343pt x 385.44pt>
File: ./images/aptupgradecont.PNG Graphic file (type png)

<use ./images/aptupgradecont.PNG>
Package pdftex.def Info: ./images/aptupgradecont.PNG used on input line 394.
(pdftex.def)             Requested size: 345.0pt x 180.42754pt.

Underfull \hbox (badness 10000) in paragraph at lines 391--395

 []


Overfull \hbox (25.00003pt too wide) in paragraph at lines 391--395
[] 
 []

[18 <./images/aptupdate.PNG>]
<./images/aptupgradedone.PNG, id=345, 688.82344pt x 398.23781pt>
File: ./images/aptupgradedone.PNG Graphic file (type png)

<use ./images/aptupgradedone.PNG>
Package pdftex.def Info: ./images/aptupgradedone.PNG used on input line 399.
(pdftex.def)             Requested size: 345.0pt x 199.4587pt.

Overfull \hbox (25.00003pt too wide) in paragraph at lines 399--400
[] 
 []

[19 <./images/aptupgradecont.PNG> <./images/aptupgradedone.PNG>]
<./images/rcpw.PNG, id=359, 737.00343pt x 385.44pt>
File: ./images/rcpw.PNG Graphic file (type png)
 <use ./images/rcpw.PNG>
Package pdftex.def Info: ./images/rcpw.PNG used on input line 419.
(pdftex.def)             Requested size: 345.0pt x 180.42754pt.

Overfull \hbox (25.00003pt too wide) in paragraph at lines 419--420
[] 
 []

<./images/rcpwconf.PNG, id=360, 737.00343pt x 385.44pt>
File: ./images/rcpwconf.PNG Graphic file (type png)

<use ./images/rcpwconf.PNG>
Package pdftex.def Info: ./images/rcpwconf.PNG used on input line 424.
(pdftex.def)             Requested size: 345.0pt x 180.42754pt.

Underfull \hbox (badness 10000) in paragraph at lines 421--425

 []


Overfull \hbox (25.00003pt too wide) in paragraph at lines 421--425
[] 
 []

[20 <./images/rcpw.PNG>]
<./images/rcpwretype.PNG, id=371, 737.00343pt x 385.44pt>
File: ./images/rcpwretype.PNG Graphic file (type png)

<use ./images/rcpwretype.PNG>
Package pdftex.def Info: ./images/rcpwretype.PNG used on input line 428.
(pdftex.def)             Requested size: 345.0pt x 180.42754pt.

Underfull \hbox (badness 10000) in paragraph at lines 425--429

 []


Overfull \hbox (25.00003pt too wide) in paragraph at lines 425--429
[] 
 []

<./images/rcnet.PNG, id=372, 737.00343pt x 385.44pt>
File: ./images/rcnet.PNG Graphic file (type png)
 <use ./images/rcnet.PNG>
Package pdftex.def Info: ./images/rcnet.PNG used on input line 440.
(pdftex.def)             Requested size: 345.0pt x 180.42754pt.

Underfull \hbox (badness 10000) in paragraph at lines 437--441

 []


Overfull \hbox (25.00003pt too wide) in paragraph at lines 437--441
[] 
 []

[21 <./images/rcpwconf.PNG> <./images/rcpwretype.PNG>]
<./images/rcnetwlan.PNG, id=382, 737.00343pt x 385.44pt>
File: ./images/rcnetwlan.PNG Graphic file (type png)

<use ./images/rcnetwlan.PNG>
Package pdftex.def Info: ./images/rcnetwlan.PNG used on input line 444.
(pdftex.def)             Requested size: 345.0pt x 180.42754pt.

Underfull \hbox (badness 10000) in paragraph at lines 441--445

 []


Overfull \hbox (25.00003pt too wide) in paragraph at lines 441--445
[] 
 []

<./images/rcnetwlanssid.PNG, id=383, 737.00343pt x 385.44pt>
File: ./images/rcnetwlanssid.PNG Graphic file (type png)

<use ./images/rcnetwlanssid.PNG>
Package pdftex.def Info: ./images/rcnetwlanssid.PNG used on input line 448.
(pdftex.def)             Requested size: 345.0pt x 180.42754pt.

Underfull \hbox (badness 10000) in paragraph at lines 445--449

 []


Overfull \hbox (25.00003pt too wide) in paragraph at lines 445--449
[] 
 []

[22 <./images/rcnet.PNG> <./images/rcnetwlan.PNG>]
<./images/rcnetwlanpw.PNG, id=392, 737.00343pt x 385.44pt>
File: ./images/rcnetwlanpw.PNG Graphic file (type png)

<use ./images/rcnetwlanpw.PNG>
Package pdftex.def Info: ./images/rcnetwlanpw.PNG used on input line 452.
(pdftex.def)             Requested size: 345.0pt x 180.42754pt.

Underfull \hbox (badness 10000) in paragraph at lines 449--453

 []


Overfull \hbox (25.00003pt too wide) in paragraph at lines 449--453
[] 
 []

<./images/rcnetwlansuccess.PNG, id=393, 737.00343pt x 385.44pt>
File: ./images/rcnetwlansuccess.PNG Graphic file (type png)

<use ./images/rcnetwlansuccess.PNG>
Package pdftex.def Info: ./images/rcnetwlansuccess.PNG used on input line 456.
(pdftex.def)             Requested size: 345.0pt x 180.42754pt.

Underfull \hbox (badness 10000) in paragraph at lines 453--457

 []


Overfull \hbox (25.00003pt too wide) in paragraph at lines 453--457
[] 
 []

[23 <./images/rcnetwlanssid.PNG> <./images/rcnetwlanpw.PNG>]
<./images/rcboot.PNG, id=402, 737.00343pt x 385.44pt>
File: ./images/rcboot.PNG Graphic file (type png)

<use ./images/rcboot.PNG>
Package pdftex.def Info: ./images/rcboot.PNG used on input line 468.
(pdftex.def)             Requested size: 345.0pt x 180.42754pt.

Underfull \hbox (badness 10000) in paragraph at lines 465--469

 []


Overfull \hbox (25.00003pt too wide) in paragraph at lines 465--469
[] 
 []

<./images/rcboottext.PNG, id=403, 737.00343pt x 385.44pt>
File: ./images/rcboottext.PNG Graphic file (type png)

<use ./images/rcboottext.PNG>
Package pdftex.def Info: ./images/rcboottext.PNG used on input line 472.
(pdftex.def)             Requested size: 345.0pt x 180.42754pt.

Underfull \hbox (badness 10000) in paragraph at lines 469--473

 []


Overfull \hbox (25.00003pt too wide) in paragraph at lines 469--473
[] 
 []

[24 <./images/rcnetwlansuccess.PNG> <./images/rcboot.PNG>]
<./images/rcboottextconf.PNG, id=413, 737.00343pt x 385.44pt>
File: ./images/rcboottextconf.PNG Graphic file (type png)

<use ./images/rcboottextconf.PNG>
Package pdftex.def Info: ./images/rcboottextconf.PNG used on input line 476.
(pdftex.def)             Requested size: 345.0pt x 180.42754pt.

Underfull \hbox (badness 10000) in paragraph at lines 473--477

 []


Overfull \hbox (25.00003pt too wide) in paragraph at lines 473--477
[] 
 []

<./images/rclocale.PNG, id=414, 737.00343pt x 385.44pt>
File: ./images/rclocale.PNG Graphic file (type png)

<use ./images/rclocale.PNG>
Package pdftex.def Info: ./images/rclocale.PNG used on input line 488.
(pdftex.def)             Requested size: 345.0pt x 180.42754pt.

Underfull \hbox (badness 10000) in paragraph at lines 485--489

 []


Overfull \hbox (25.00003pt too wide) in paragraph at lines 485--489
[] 
 []

[25 <./images/rcboottext.PNG> <./images/rcboottextconf.PNG>]
<./images/rctime.PNG, id=425, 737.00343pt x 385.44pt>
File: ./images/rctime.PNG Graphic file (type png)

<use ./images/rctime.PNG>
Package pdftex.def Info: ./images/rctime.PNG used on input line 492.
(pdftex.def)             Requested size: 345.0pt x 180.42754pt.

Underfull \hbox (badness 10000) in paragraph at lines 489--493

 []


Overfull \hbox (25.00003pt too wide) in paragraph at lines 489--493
[] 
 []

<./images/rctimeus.PNG, id=426, 737.00343pt x 385.44pt>
File: ./images/rctimeus.PNG Graphic file (type png)

<use ./images/rctimeus.PNG>
Package pdftex.def Info: ./images/rctimeus.PNG used on input line 496.
(pdftex.def)             Requested size: 345.0pt x 180.42754pt.

Underfull \hbox (badness 10000) in paragraph at lines 493--497

 []


Overfull \hbox (25.00003pt too wide) in paragraph at lines 493--497
[] 
 []

[26 <./images/rclocale.PNG> <./images/rctime.PNG>]
<./images/rctimepo.PNG, id=435, 737.00343pt x 385.44pt>
File: ./images/rctimepo.PNG Graphic file (type png)

<use ./images/rctimepo.PNG>
Package pdftex.def Info: ./images/rctimepo.PNG used on input line 500.
(pdftex.def)             Requested size: 345.0pt x 180.42754pt.

Underfull \hbox (badness 10000) in paragraph at lines 497--501

 []


Overfull \hbox (25.00003pt too wide) in paragraph at lines 497--501
[] 
 []

<./images/rcifoptions.PNG, id=436, 737.00343pt x 385.44pt>
File: ./images/rcifoptions.PNG Graphic file (type png)

<use ./images/rcifoptions.PNG>
Package pdftex.def Info: ./images/rcifoptions.PNG used on input line 512.
(pdftex.def)             Requested size: 345.0pt x 180.42754pt.

Underfull \hbox (badness 10000) in paragraph at lines 509--513

 []


Overfull \hbox (25.00003pt too wide) in paragraph at lines 509--513
[] 
 []

[27 <./images/rctimeus.PNG> <./images/rctimepo.PNG>]
<./images/rcssh.PNG, id=447, 737.00343pt x 385.44pt>
File: ./images/rcssh.PNG Graphic file (type png)
 <use ./images/rcssh.PNG>
Package pdftex.def Info: ./images/rcssh.PNG used on input line 516.
(pdftex.def)             Requested size: 345.0pt x 180.42754pt.

Underfull \hbox (badness 10000) in paragraph at lines 513--517

 []


Overfull \hbox (25.00003pt too wide) in paragraph at lines 513--517
[] 
 []

File: ./images/rcifoptions.PNG Graphic file (type png)
<use ./images/rcifoptions.PNG>
Package pdftex.def Info: ./images/rcifoptions.PNG used on input line 529.
(pdftex.def)             Requested size: 345.0pt x 180.42754pt.

Underfull \hbox (badness 10000) in paragraph at lines 526--530

 []


Overfull \hbox (25.00003pt too wide) in paragraph at lines 526--530
[] 
 []

[28 <./images/rcifoptions.PNG> <./images/rcssh.PNG>]
<./images/rcvnc.PNG, id=457, 737.00343pt x 385.44pt>
File: ./images/rcvnc.PNG Graphic file (type png)
 <use ./images/rcvnc.PNG>
Package pdftex.def Info: ./images/rcvnc.PNG used on input line 533.
(pdftex.def)             Requested size: 345.0pt x 180.42754pt.

Underfull \hbox (badness 10000) in paragraph at lines 530--534

 []


Overfull \hbox (25.00003pt too wide) in paragraph at lines 530--534
[] 
 []

<./images/rcvncenable.PNG, id=458, 737.00343pt x 385.44pt>
File: ./images/rcvncenable.PNG Graphic file (type png)

<use ./images/rcvncenable.PNG>
Package pdftex.def Info: ./images/rcvncenable.PNG used on input line 537.
(pdftex.def)             Requested size: 345.0pt x 180.42754pt.

Underfull \hbox (badness 10000) in paragraph at lines 534--538

 []


Overfull \hbox (25.00003pt too wide) in paragraph at lines 534--538
[] 
 []

[29 <./images/rcvnc.PNG>]
<./images/rcvncconf.PNG, id=467, 737.00343pt x 385.44pt>
File: ./images/rcvncconf.PNG Graphic file (type png)

<use ./images/rcvncconf.PNG>
Package pdftex.def Info: ./images/rcvncconf.PNG used on input line 541.
(pdftex.def)             Requested size: 345.0pt x 180.42754pt.

Underfull \hbox (badness 10000) in paragraph at lines 538--542

 []


Overfull \hbox (25.00003pt too wide) in paragraph at lines 538--542
[] 
 []

[30 <./images/rcvncenable.PNG> <./images/rcvncconf.PNG>]
<./images/realvnc.png, id=482, 1015.795pt x 776.9025pt>
File: ./images/realvnc.png Graphic file (type png)

<use ./images/realvnc.png>
Package pdftex.def Info: ./images/realvnc.png used on input line 548.
(pdftex.def)             Requested size: 345.0pt x 263.85884pt.

Overfull \hbox (25.00003pt too wide) in paragraph at lines 547--549
[] 
 []

<./images/rcfinish.PNG, id=483, 737.00343pt x 385.44pt>
File: ./images/rcfinish.PNG Graphic file (type png)

<use ./images/rcfinish.PNG>
Package pdftex.def Info: ./images/rcfinish.PNG used on input line 561.
(pdftex.def)             Requested size: 345.0pt x 180.42754pt.

Underfull \hbox (badness 10000) in paragraph at lines 558--562

 []


Overfull \hbox (25.00003pt too wide) in paragraph at lines 558--562
[] 
 []

[31 <./images/realvnc.png>]
<./images/sudoshutdown.PNG, id=495, 737.00343pt x 385.44pt>
File: ./images/sudoshutdown.PNG Graphic file (type png)

<use ./images/sudoshutdown.PNG>
Package pdftex.def Info: ./images/sudoshutdown.PNG used on input line 568.
(pdftex.def)             Requested size: 345.0pt x 180.42754pt.

Overfull \hbox (25.00003pt too wide) in paragraph at lines 568--569
[] 
 []

<./images/sshshutdown.PNG, id=496, 737.00343pt x 385.44pt>
File: ./images/sshshutdown.PNG Graphic file (type png)

<use ./images/sshshutdown.PNG>
Package pdftex.def Info: ./images/sshshutdown.PNG used on input line 572.
(pdftex.def)             Requested size: 345.0pt x 180.42754pt.

Underfull \hbox (badness 10000) in paragraph at lines 569--573

 []


Overfull \hbox (25.00003pt too wide) in paragraph at lines 569--573
[] 
 []

[32 <./images/rcfinish.PNG> <./images/sudoshutdown.PNG>]
Package atveryend Info: Empty hook `BeforeClearDocument' on input line 578.
 [33 <./images/sshshutdown.PNG>]
Package atveryend Info: Empty hook `AfterLastShipout' on input line 578.
 (./1_Getting_Started_with_Pi.aux)
Package atveryend Info: Executing hook `AtVeryEndDocument' on input line 578.
Package atveryend Info: Executing hook `AtEndAfterFileList' on input line 578.
Package rerunfilecheck Info: File `1_Getting_Started_with_Pi.out' has not chang
ed.
(rerunfilecheck)             Checksum: 44326407D470B50A869DA575A1EF54AE;1794.


LaTeX Warning: There were multiply-defined labels.

Package atveryend Info: Empty hook `AtVeryVeryEnd' on input line 578.
 ) 
Here is how much of TeX's memory you used:
 7722 strings out of 494820
 116536 string characters out of 3178050
 205350 words of memory out of 3000000
 10599 multiletter control sequences out of 15000+200000
 9866 words of font info for 35 fonts, out of 3000000 for 9000
 198 hyphenation exceptions out of 8191
 32i,11n,49p,630b,1905s stack positions out of 5000i,500n,10000p,200000b,50000s
{/usr/share/texlive/texmf-dist/fonts/enc/dvips/cm-super/cm-super-ts1.enc}</us
r/share/texlive/texmf-dist/fonts/type1/public/amsfonts/cm/cmbx10.pfb></usr/shar
e/texlive/texmf-dist/fonts/type1/public/amsfonts/cm/cmbx12.pfb></usr/share/texl
ive/texmf-dist/fonts/type1/public/amsfonts/cm/cmbxti10.pfb></usr/share/texlive/
texmf-dist/fonts/type1/public/amsfonts/cm/cmr10.pfb></usr/share/texlive/texmf-d
ist/fonts/type1/public/amsfonts/cm/cmr12.pfb></usr/share/texlive/texmf-dist/fon
ts/type1/public/amsfonts/cm/cmr17.pfb></usr/share/texlive/texmf-dist/fonts/type
1/public/amsfonts/cm/cmr6.pfb></usr/share/texlive/texmf-dist/fonts/type1/public
/amsfonts/cm/cmr7.pfb></usr/share/texlive/texmf-dist/fonts/type1/public/amsfont
s/cm/cmr8.pfb></usr/share/texlive/texmf-dist/fonts/type1/public/amsfonts/cm/cms
y6.pfb></usr/share/texlive/texmf-dist/fonts/type1/public/amsfonts/cm/cmsy8.pfb>
</usr/share/texlive/texmf-dist/fonts/type1/public/amsfonts/cm/cmti10.pfb></usr/
share/texlive/texmf-dist/fonts/type1/public/amsfonts/cm/cmtt10.pfb></usr/share/
texlive/texmf-dist/fonts/type1/public/amsfonts/cm/cmtt9.pfb></usr/share/texlive
/texmf-dist/fonts/type1/public/cm-super/sfrm1000.pfb></usr/share/texlive/texmf-
dist/fonts/type1/public/cm-super/sftt0900.pfb>
<<<<<<< HEAD
Output written on 1_Getting_Started_with_Pi.pdf (33 pages, 1985195 bytes).
=======
Output written on 1_Getting_Started_with_Pi.pdf (30 pages, 1798206 bytes).
>>>>>>> b42999555c03a8d27c67611a405e421f933ed193
PDF statistics:
 609 PDF objects out of 1000 (max. 8388607)
 471 compressed objects within 5 object streams
 188 named destinations out of 1000 (max. 500000)
 413 words of extra memory for PDF output out of 10000 (max. 10000000)

