This is pdfTeX, Version 3.1415926-2.5-1.40.14 (TeX Live 2013) (format=pdflatex 2020.5.9)  22 OCT 2020 18:01
entering extended mode
 restricted \write18 enabled.
 %&-line parsing enabled.
**4_Processing_Data.tex
(./4_Processing_Data.tex
LaTeX2e <2011/06/27>
Babel <v3.8m> and hyphenation patterns for english, dumylang, nohyphenation, uk
rainian, russian, bulgarian, loaded.
(/usr/share/texlive/texmf-dist/tex/latex/base/article.cls
Document Class: article 2007/10/19 v1.4h Standard LaTeX document class
(/usr/share/texlive/texmf-dist/tex/latex/base/size10.clo
File: size10.clo 2007/10/19 v1.4h Standard LaTeX file (size option)
)
\c@part=\count79
\c@section=\count80
\c@subsection=\count81
\c@subsubsection=\count82
\c@paragraph=\count83
\c@subparagraph=\count84
\c@figure=\count85
\c@table=\count86
\abovecaptionskip=\skip41
\belowcaptionskip=\skip42
\bibindent=\dimen102
)
(/usr/share/texlive/texmf-dist/tex/latex/graphics/graphicx.sty
Package: graphicx 1999/02/16 v1.0f Enhanced LaTeX Graphics (DPC,SPQR)

(/usr/share/texlive/texmf-dist/tex/latex/graphics/keyval.sty
Package: keyval 1999/03/16 v1.13 key=value parser (DPC)
\KV@toks@=\toks14
)
(/usr/share/texlive/texmf-dist/tex/latex/graphics/graphics.sty
Package: graphics 2009/02/05 v1.0o Standard LaTeX Graphics (DPC,SPQR)

(/usr/share/texlive/texmf-dist/tex/latex/graphics/trig.sty
Package: trig 1999/03/16 v1.09 sin cos tan (DPC)
)
(/usr/share/texlive/texmf-dist/tex/latex/latexconfig/graphics.cfg
File: graphics.cfg 2010/04/23 v1.9 graphics configuration of TeX Live
)
Package graphics Info: Driver file: pdftex.def on input line 91.

(/usr/share/texlive/texmf-dist/tex/latex/pdftex-def/pdftex.def
File: pdftex.def 2011/05/27 v0.06d Graphics/color for pdfTeX

(/usr/share/texlive/texmf-dist/tex/generic/oberdiek/infwarerr.sty
Package: infwarerr 2010/04/08 v1.3 Providing info/warning/error messages (HO)
)
(/usr/share/texlive/texmf-dist/tex/generic/oberdiek/ltxcmds.sty
Package: ltxcmds 2011/11/09 v1.22 LaTeX kernel commands for general use (HO)
)
\Gread@gobject=\count87
))
\Gin@req@height=\dimen103
\Gin@req@width=\dimen104
)
(/usr/share/texlive/texmf-dist/tex/latex/graphics/color.sty
Package: color 2005/11/14 v1.0j Standard LaTeX Color (DPC)

(/usr/share/texlive/texmf-dist/tex/latex/latexconfig/color.cfg
File: color.cfg 2007/01/18 v1.5 color configuration of teTeX/TeXLive
)
Package color Info: Driver file: pdftex.def on input line 130.
)
(/usr/share/texlive/texmf-dist/tex/latex/framed/framed.sty
Package: framed 2011/10/22 v 0.96: framed or shaded text with page breaks
\OuterFrameSep=\skip43
\fb@frw=\dimen105
\fb@frh=\dimen106
\FrameRule=\dimen107
\FrameSep=\dimen108
)
(/usr/share/texlive/texmf-dist/tex/latex/base/alltt.sty
Package: alltt 1997/06/16 v2.0g defines alltt environment
)
(/usr/share/texlive/texmf-dist/tex/latex/upquote/upquote.sty
Package: upquote 2012/04/19 v1.3 upright-quote and grave-accent glyphs in verba
tim
)
(./4_Processing_Data.aux)
\openout1 = `4_Processing_Data.aux'.

LaTeX Font Info:    Checking defaults for OML/cmm/m/it on input line 57.
LaTeX Font Info:    ... okay on input line 57.
LaTeX Font Info:    Checking defaults for T1/cmr/m/n on input line 57.
LaTeX Font Info:    ... okay on input line 57.
LaTeX Font Info:    Checking defaults for OT1/cmr/m/n on input line 57.
LaTeX Font Info:    ... okay on input line 57.
LaTeX Font Info:    Checking defaults for OMS/cmsy/m/n on input line 57.
LaTeX Font Info:    ... okay on input line 57.
LaTeX Font Info:    Checking defaults for OMX/cmex/m/n on input line 57.
LaTeX Font Info:    ... okay on input line 57.
LaTeX Font Info:    Checking defaults for U/cmr/m/n on input line 57.
LaTeX Font Info:    ... okay on input line 57.

(/usr/share/texlive/texmf-dist/tex/context/base/supp-pdf.mkii
[Loading MPS to PDF converter (version 2006.09.02).]
\scratchcounter=\count88
\scratchdimen=\dimen109
\scratchbox=\box26
\nofMPsegments=\count89
\nofMParguments=\count90
\everyMPshowfont=\toks15
\MPscratchCnt=\count91
\MPscratchDim=\dimen110
\MPnumerator=\count92
\makeMPintoPDFobject=\count93
\everyMPtoPDFconversion=\toks16
) (/usr/share/texlive/texmf-dist/tex/generic/oberdiek/pdftexcmds.sty
Package: pdftexcmds 2011/11/29 v0.20 Utility functions of pdfTeX for LuaTeX (HO
)

(/usr/share/texlive/texmf-dist/tex/generic/oberdiek/ifluatex.sty
Package: ifluatex 2010/03/01 v1.3 Provides the ifluatex switch (HO)
Package ifluatex Info: LuaTeX not detected.
)
(/usr/share/texlive/texmf-dist/tex/generic/oberdiek/ifpdf.sty
Package: ifpdf 2011/01/30 v2.3 Provides the ifpdf switch (HO)
Package ifpdf Info: pdfTeX in PDF mode is detected.
)
Package pdftexcmds Info: LuaTeX not detected.
Package pdftexcmds Info: \pdf@primitive is available.
Package pdftexcmds Info: \pdf@ifprimitive is available.
Package pdftexcmds Info: \pdfdraftmode found.
)
(/usr/share/texlive/texmf-dist/tex/latex/oberdiek/epstopdf-base.sty
Package: epstopdf-base 2010/02/09 v2.5 Base part for package epstopdf

(/usr/share/texlive/texmf-dist/tex/latex/oberdiek/grfext.sty
Package: grfext 2010/08/19 v1.1 Manage graphics extensions (HO)

(/usr/share/texlive/texmf-dist/tex/generic/oberdiek/kvdefinekeys.sty
Package: kvdefinekeys 2011/04/07 v1.3 Define keys (HO)
))
(/usr/share/texlive/texmf-dist/tex/latex/oberdiek/kvoptions.sty
Package: kvoptions 2011/06/30 v3.11 Key value format for package options (HO)

(/usr/share/texlive/texmf-dist/tex/generic/oberdiek/kvsetkeys.sty
Package: kvsetkeys 2012/04/25 v1.16 Key value parser (HO)

(/usr/share/texlive/texmf-dist/tex/generic/oberdiek/etexcmds.sty
Package: etexcmds 2011/02/16 v1.5 Avoid name clashes with e-TeX commands (HO)
Package etexcmds Info: Could not find \expanded.
(etexcmds)             That can mean that you are not using pdfTeX 1.50 or
(etexcmds)             that some package has redefined \expanded.
(etexcmds)             In the latter case, load this package earlier.
)))
Package grfext Info: Graphics extension search list:
(grfext)             [.png,.pdf,.jpg,.mps,.jpeg,.jbig2,.jb2,.PNG,.PDF,.JPG,.JPE
G,.JBIG2,.JB2,.eps]
(grfext)             \AppendGraphicsExtensions on input line 452.

(/usr/share/texlive/texmf-dist/tex/latex/latexconfig/epstopdf-sys.cfg
File: epstopdf-sys.cfg 2010/07/13 v1.3 Configuration of (r)epstopdf for TeX Liv
e
))
LaTeX Font Info:    External font `cmex10' loaded for size
(Font)              <7> on input line 63.
LaTeX Font Info:    External font `cmex10' loaded for size
(Font)              <5> on input line 63.

<images/4_SensorSchemiatic.jpg, id=1, 1102.1175pt x 440.64626pt>
File: images/4_SensorSchemiatic.jpg Graphic file (type jpg)

<use images/4_SensorSchemiatic.jpg>
Package pdftex.def Info: images/4_SensorSchemiatic.jpg used on input line 68.
(pdftex.def)             Requested size: 345.0pt x 137.93694pt.

<images/4_Measurement-principle.png, id=2, 1027.84pt x 820.06375pt>
File: images/4_Measurement-principle.png Graphic file (type png)

<use images/4_Measurement-principle.png>
Package pdftex.def Info: images/4_Measurement-principle.png used on input line 
76.
(pdftex.def)             Requested size: 241.49895pt x 192.67746pt.
Missing character: There is no ï in font cmr10!
Missing character: There is no ¼ in font cmr10!
Missing character: There is no ˆ in font cmr10!
Missing character: There is no ï in font cmr10!
Missing character: There is no ¼ in font cmr10!
Missing character: There is no Œ in font cmr10!
LaTeX Font Info:    External font `cmex10' loaded for size
(Font)              <8> on input line 90.
LaTeX Font Info:    External font `cmex10' loaded for size
(Font)              <6> on input line 90.
Missing character: There is no ï in font cmr10!
Missing character: There is no ¼ in font cmr10!
Missing character: There is no ˆ in font cmr10!
Missing character: There is no ï in font cmr10!
Missing character: There is no ¼ in font cmr10!
Missing character: There is no Œ in font cmr10!
Missing character: There is no ï in font cmr10!
Missing character: There is no ¼ in font cmr10!
Missing character: There is no ‰ in font cmr10!
Missing character: There is no ï in font cmr10!
Missing character: There is no ¼ in font cmr10!
Missing character: There is no ˆ in font cmr10!
Missing character: There is no ï in font cmr10!
Missing character: There is no ¼ in font cmr10!
Missing character: There is no Œ in font cmr10!
Missing character: There is no ï in font cmr10!
Missing character: There is no ¼ in font cmr10!
Missing character: There is no ‰ in font cmr10!
Missing character: There is no ï in font cmr10!
Missing character: There is no ¼ in font cmr10!
Missing character: There is no ˆ in font cmr10!
Missing character: There is no ï in font cmr10!
Missing character: There is no ¼ in font cmr10!
Missing character: There is no ‰ in font cmr10!
 [1{/usr/share/texlive/texmf/fonts/map/pdftex/updmap/pdftex.map}

 <./images/4_SensorSchemiatic.jpg>] [2 <./images/4_Measurement-principle.png>]
Missing character: There is no ï in font cmr10!
Missing character: There is no ¼ in font cmr10!
Missing character: There is no ˆ in font cmr10!
Missing character: There is no ï in font cmr10!
Missing character: There is no ¼ in font cmr10!
Missing character: There is no ‰ in font cmr10!
 [3]
Package color Info: Redefining color shadecolor on input line 127.

Overfull \hbox (32.9967pt too wide) in paragraph at lines 129--129
[][]\OT1/cmtt/m/n/10 filepath.csv[] []=[] []"/home/CAMPUS/mwl04747/github/EJnPi
/data/Air_Quality.csv"[][] 
 []

LaTeX Font Info:    Font shape `OT1/cmtt/bx/n' in size <10> not available
(Font)              Font shape `OT1/cmtt/m/n' tried instead on input line 130.

Overfull \hbox (11.99689pt too wide) in paragraph at lines 133--133
[]    []\OT1/cmtt/m/n/10 "Minute"[][],[] []"Second"[][],[] []"X3"[][],[] []"X4"
[][],[] []"pm1_cf"[][],[] []"X5"[][],[] []"pm25_cf"[][],[] []"X6"[][],[][] 
 []


Overfull \hbox (17.24684pt too wide) in paragraph at lines 139--139
[][]\OT1/cmtt/m/n/10 as.Date[][]([][]with[][](rawdata,[] []paste[][]([][]"2020"
[][], Month, Day,[][]sep[][]=[][]"-"[][])),[] []"%Y-%m-%d"[][])[][] 
 []


Overfull \hbox (27.74675pt too wide) in paragraph at lines 144--144
[]\OT1/cmtt/m/n/10 ## [1] "2020-10-18" "2020-10-18" "2020-10-18" "2020-10-18" "
2020-10-18"[] 
 []


Overfull \hbox (179.99542pt too wide) in paragraph at lines 153--153
[][]\OT1/cmtt/m/n/10 rawdata[][]$[][]DateTime[] []=[] []with[][](rawdata,[] []y
md_hms[][]([][]paste[][]([][]"2020"[][], Month, Day, Hour, Minute, Second,[] []
sep[][]=[] []^^M-^^M[][])))[][] 
 []


Overfull \hbox (85.49625pt too wide) in paragraph at lines 182--182
[]\OT1/cmtt/m/n/10 ##                         X1                      X2 Month 
Day Hour Minute Second[] 
 []


Overfull \hbox (85.49625pt too wide) in paragraph at lines 182--182
[]\OT1/cmtt/m/n/10 ## 1 OrderedDict([(^^MDateTime^^M  datetime.datetime(2020   
 10  18   21     27     31[] 
 []


Overfull \hbox (85.49625pt too wide) in paragraph at lines 182--182
[]\OT1/cmtt/m/n/10 ## 2 OrderedDict([(^^MDateTime^^M  datetime.datetime(2020   
 10  18   22     27     41[] 
 []


Overfull \hbox (85.49625pt too wide) in paragraph at lines 182--182
[]\OT1/cmtt/m/n/10 ## 3 OrderedDict([(^^MDateTime^^M  datetime.datetime(2020   
 10  18   23     27     21[] 
 []


Overfull \hbox (85.49625pt too wide) in paragraph at lines 182--182
[]\OT1/cmtt/m/n/10 ## 4 OrderedDict([(^^MDateTime^^M  datetime.datetime(2020   
 10  18   24     27     31[] 
 []


Overfull \hbox (85.49625pt too wide) in paragraph at lines 182--182
[]\OT1/cmtt/m/n/10 ## 5 OrderedDict([(^^MDateTime^^M  datetime.datetime(2020   
 10  18   25     27     41[] 
 []


Overfull \hbox (85.49625pt too wide) in paragraph at lines 182--182
[]\OT1/cmtt/m/n/10 ## 6 OrderedDict([(^^MDateTime^^M  datetime.datetime(2020   
 10  18   26     27     21[] 
 []


Overfull \hbox (74.99634pt too wide) in paragraph at lines 182--182
[]\OT1/cmtt/m/n/10 ##          X3         X4 pm1_cf          X5 pm25_cf        
  X6 pm10_cf      X7[] 
 []


Overfull \hbox (74.99634pt too wide) in paragraph at lines 182--182
[]\OT1/cmtt/m/n/10 ## 1  546422))  (^^Mpm1_cf^^M      9  (^^Mpm25_cf^^M      15
  (^^Mpm10_cf^^M      17  (^^Mpm1^^M[] 
 []


Overfull \hbox (74.99634pt too wide) in paragraph at lines 182--182
[]\OT1/cmtt/m/n/10 ## 2  910120))  (^^Mpm1_cf^^M     11  (^^Mpm25_cf^^M      14
  (^^Mpm10_cf^^M      12  (^^Mpm1^^M[] 
 []


Overfull \hbox (74.99634pt too wide) in paragraph at lines 182--182
[]\OT1/cmtt/m/n/10 ## 3  185161))  (^^Mpm1_cf^^M     13  (^^Mpm25_cf^^M      14
  (^^Mpm10_cf^^M      16  (^^Mpm1^^M[] 
 []


Overfull \hbox (74.99634pt too wide) in paragraph at lines 182--182
[]\OT1/cmtt/m/n/10 ## 4  546422))  (^^Mpm1_cf^^M     12  (^^Mpm25_cf^^M      15
  (^^Mpm10_cf^^M      19  (^^Mpm1^^M[] 
 []


Overfull \hbox (74.99634pt too wide) in paragraph at lines 182--182
[]\OT1/cmtt/m/n/10 ## 5  910120))  (^^Mpm1_cf^^M      9  (^^Mpm25_cf^^M      14
  (^^Mpm10_cf^^M      16  (^^Mpm1^^M[] 
 []


Overfull \hbox (74.99634pt too wide) in paragraph at lines 182--182
[]\OT1/cmtt/m/n/10 ## 6  185161))  (^^Mpm1_cf^^M     11  (^^Mpm25_cf^^M      18
  (^^Mpm10_cf^^M      16  (^^Mpm1^^M[] 
 []


Overfull \hbox (38.24666pt too wide) in paragraph at lines 185--185
[][]\OT1/cmtt/m/n/10 cleandata[] []=[] []subset[][](rawdata,[] []select[][]=[][
]c[][](DateTime, pm1_cf, pm25_cf, pm10_cf))[][] 
 []

[4]
Package color Info: Redefining color shadecolor on input line 193.
 <figure/unnamed-chunk-2-1.pdf, id=28, 505.89pt x 505.89pt>
File: figure/unnamed-chunk-2-1.pdf Graphic file (type pdf)

<use figure/unnamed-chunk-2-1.pdf>
Package pdftex.def Info: figure/unnamed-chunk-2-1.pdf used on input line 198.
(pdftex.def)             Requested size: 345.0pt x 345.00414pt.

Overfull \hbox (15.0pt too wide) in paragraph at lines 198--199
[][] 
 []

[5]
LaTeX Font Info:    External font `cmex10' loaded for size
(Font)              <12> on input line 209.
 [6 <./figure/unnamed-chunk-2-1.pdf>] [7] (./4_Processing_Data.aux) ) 
Here is how much of TeX's memory you used:
 1655 strings out of 494820
 23959 string characters out of 3178050
 85651 words of memory out of 3000000
 4832 multiletter control sequences out of 15000+200000
 7932 words of font info for 29 fonts, out of 3000000 for 9000
 198 hyphenation exceptions out of 8191
 38i,8n,23p,848b,246s stack positions out of 5000i,500n,10000p,200000b,50000s
</usr/shar
e/texlive/texmf-dist/fonts/type1/public/amsfonts/cm/cmbx10.pfb></usr/share/texl
ive/texmf-dist/fonts/type1/public/amsfonts/cm/cmbx12.pfb></usr/share/texlive/te
xmf-dist/fonts/type1/public/amsfonts/cm/cmitt10.pfb></usr/share/texlive/texmf-d
ist/fonts/type1/public/amsfonts/cm/cmmi10.pfb></usr/share/texlive/texmf-dist/fo
nts/type1/public/amsfonts/cm/cmmi12.pfb></usr/share/texlive/texmf-dist/fonts/ty
pe1/public/amsfonts/cm/cmr10.pfb></usr/share/texlive/texmf-dist/fonts/type1/pub
lic/amsfonts/cm/cmr6.pfb></usr/share/texlive/texmf-dist/fonts/type1/public/amsf
onts/cm/cmr7.pfb></usr/share/texlive/texmf-dist/fonts/type1/public/amsfonts/cm/
cmr8.pfb></usr/share/texlive/texmf-dist/fonts/type1/public/amsfonts/cm/cmtt10.p
fb>
Output written on 4_Processing_Data.pdf (7 pages, 523317 bytes).
PDF statistics:
 79 PDF objects out of 1000 (max. 8388607)
 54 compressed objects within 1 object stream
 0 named destinations out of 1000 (max. 500000)
 16 words of extra memory for PDF output out of 10000 (max. 10000000)

