This is pdfTeX, Version 3.14159265-2.6-1.40.19 (TeX Live 2018) (preloaded format=pdflatex 2023.6.21)  15 DEC 2023 19:36
entering extended mode
 restricted \write18 enabled.
 %&-line parsing enabled.
**5_Processing_Data.tex
(./5_Processing_Data.tex
LaTeX2e <2017-04-15>
Babel <3.17> and hyphenation patterns for 3 language(s) loaded.
(/usr/share/texlive/texmf-dist/tex/latex/base/article.cls
Document Class: article 2014/09/29 v1.4h Standard LaTeX document class
(/usr/share/texlive/texmf-dist/tex/latex/base/size10.clo
File: size10.clo 2014/09/29 v1.4h Standard LaTeX file (size option)
)
\c@part=\count79
\c@section=\count80
\c@subsection=\count81
\c@subsubsection=\count82
\c@paragraph=\count83
\c@subparagraph=\count84
\c@figure=\count85
\c@table=\count86
\abovecaptionskip=\skip41
\belowcaptionskip=\skip42
\bibindent=\dimen102
)
(/usr/share/texlive/texmf-dist/tex/latex/graphics/graphicx.sty
Package: graphicx 2017/06/01 v1.1a Enhanced LaTeX Graphics (DPC,SPQR)

(/usr/share/texlive/texmf-dist/tex/latex/graphics/keyval.sty
Package: keyval 2014/10/28 v1.15 key=value parser (DPC)
\KV@toks@=\toks14
)
(/usr/share/texlive/texmf-dist/tex/latex/graphics/graphics.sty
Package: graphics 2017/06/25 v1.2c Standard LaTeX Graphics (DPC,SPQR)

(/usr/share/texlive/texmf-dist/tex/latex/graphics/trig.sty
Package: trig 2016/01/03 v1.10 sin cos tan (DPC)
)
(/usr/share/texlive/texmf-dist/tex/latex/graphics-cfg/graphics.cfg
File: graphics.cfg 2016/06/04 v1.11 sample graphics configuration
)
Package graphics Info: Driver file: pdftex.def on input line 99.

(/usr/share/texlive/texmf-dist/tex/latex/graphics-def/pdftex.def
File: pdftex.def 2017/06/24 v1.0g Graphics/color driver for pdftex
))
\Gin@req@height=\dimen103
\Gin@req@width=\dimen104
)
(/usr/share/texlive/texmf-dist/tex/latex/xcolor/xcolor.sty
Package: xcolor 2016/05/11 v2.12 LaTeX color extensions (UK)

(/usr/share/texlive/texmf-dist/tex/latex/graphics-cfg/color.cfg
File: color.cfg 2016/01/02 v1.6 sample color configuration
)
Package xcolor Info: Driver file: pdftex.def on input line 225.
Package xcolor Info: Model `cmy' substituted by `cmy0' on input line 1348.
Package xcolor Info: Model `hsb' substituted by `rgb' on input line 1352.
Package xcolor Info: Model `RGB' extended on input line 1364.
Package xcolor Info: Model `HTML' substituted by `rgb' on input line 1366.
Package xcolor Info: Model `Hsb' substituted by `hsb' on input line 1367.
Package xcolor Info: Model `tHsb' substituted by `hsb' on input line 1368.
Package xcolor Info: Model `HSB' substituted by `hsb' on input line 1369.
Package xcolor Info: Model `Gray' substituted by `gray' on input line 1370.
Package xcolor Info: Model `wave' substituted by `hsb' on input line 1371.
)
(/usr/share/texlive/texmf-dist/tex/latex/framed/framed.sty
Package: framed 2011/10/22 v 0.96: framed or shaded text with page breaks
\OuterFrameSep=\skip43
\fb@frw=\dimen105
\fb@frh=\dimen106
\FrameRule=\dimen107
\FrameSep=\dimen108
)
(/usr/share/texlive/texmf-dist/tex/latex/base/alltt.sty
Package: alltt 1997/06/16 v2.0g defines alltt environment
)
(/usr/share/texlive/texmf-dist/tex/latex/hyperref/hyperref.sty
Package: hyperref 2017/03/14 v6.85a Hypertext links for LaTeX

(/usr/share/texlive/texmf-dist/tex/generic/oberdiek/hobsub-hyperref.sty
Package: hobsub-hyperref 2016/05/16 v1.14 Bundle oberdiek, subset hyperref (HO)


(/usr/share/texlive/texmf-dist/tex/generic/oberdiek/hobsub-generic.sty
Package: hobsub-generic 2016/05/16 v1.14 Bundle oberdiek, subset generic (HO)
Package: hobsub 2016/05/16 v1.14 Construct package bundles (HO)
Package: infwarerr 2016/05/16 v1.4 Providing info/warning/error messages (HO)
Package: ltxcmds 2016/05/16 v1.23 LaTeX kernel commands for general use (HO)
Package: ifluatex 2016/05/16 v1.4 Provides the ifluatex switch (HO)
Package ifluatex Info: LuaTeX not detected.
Package: ifvtex 2016/05/16 v1.6 Detect VTeX and its facilities (HO)
Package ifvtex Info: VTeX not detected.
Package: intcalc 2016/05/16 v1.2 Expandable calculations with integers (HO)
Package: ifpdf 2017/03/15 v3.2 Provides the ifpdf switch
Package: etexcmds 2016/05/16 v1.6 Avoid name clashes with e-TeX commands (HO)
Package etexcmds Info: Could not find \expanded.
(etexcmds)             That can mean that you are not using pdfTeX 1.50 or
(etexcmds)             that some package has redefined \expanded.
(etexcmds)             In the latter case, load this package earlier.
Package: kvsetkeys 2016/05/16 v1.17 Key value parser (HO)
Package: kvdefinekeys 2016/05/16 v1.4 Define keys (HO)
Package: pdftexcmds 2017/03/19 v0.25 Utility functions of pdfTeX for LuaTeX (HO
)
Package pdftexcmds Info: LuaTeX not detected.
Package pdftexcmds Info: \pdf@primitive is available.
Package pdftexcmds Info: \pdf@ifprimitive is available.
Package pdftexcmds Info: \pdfdraftmode found.
Package: pdfescape 2016/05/16 v1.14 Implements pdfTeX's escape features (HO)
Package: bigintcalc 2016/05/16 v1.4 Expandable calculations on big integers (HO
)
Package: bitset 2016/05/16 v1.2 Handle bit-vector datatype (HO)
Package: uniquecounter 2016/05/16 v1.3 Provide unlimited unique counter (HO)
)
Package hobsub Info: Skipping package `hobsub' (already loaded).
Package: letltxmacro 2016/05/16 v1.5 Let assignment for LaTeX macros (HO)
Package: hopatch 2016/05/16 v1.3 Wrapper for package hooks (HO)
Package: xcolor-patch 2016/05/16 xcolor patch
Package: atveryend 2016/05/16 v1.9 Hooks at the very end of document (HO)
Package atveryend Info: \enddocument detected (standard20110627).
Package: atbegshi 2016/06/09 v1.18 At begin shipout hook (HO)
Package: refcount 2016/05/16 v3.5 Data extraction from label references (HO)
Package: hycolor 2016/05/16 v1.8 Color options for hyperref/bookmark (HO)
)
(/usr/share/texlive/texmf-dist/tex/generic/ifxetex/ifxetex.sty
Package: ifxetex 2010/09/12 v0.6 Provides ifxetex conditional
)
(/usr/share/texlive/texmf-dist/tex/latex/oberdiek/auxhook.sty
Package: auxhook 2016/05/16 v1.4 Hooks for auxiliary files (HO)
)
(/usr/share/texlive/texmf-dist/tex/latex/oberdiek/kvoptions.sty
Package: kvoptions 2016/05/16 v3.12 Key value format for package options (HO)
)
\@linkdim=\dimen109
\Hy@linkcounter=\count87
\Hy@pagecounter=\count88

(/usr/share/texlive/texmf-dist/tex/latex/hyperref/pd1enc.def
File: pd1enc.def 2017/03/14 v6.85a Hyperref: PDFDocEncoding definition (HO)
)
\Hy@SavedSpaceFactor=\count89

(/usr/share/texlive/texmf-dist/tex/latex/latexconfig/hyperref.cfg
File: hyperref.cfg 2002/06/06 v1.2 hyperref configuration of TeXLive
)
Package hyperref Info: Option `colorlinks' set `true' on input line 4374.
Package hyperref Info: Hyper figures OFF on input line 4498.
Package hyperref Info: Link nesting OFF on input line 4503.
Package hyperref Info: Hyper index ON on input line 4506.
Package hyperref Info: Plain pages OFF on input line 4513.
Package hyperref Info: Backreferencing OFF on input line 4518.
Package hyperref Info: Implicit mode ON; LaTeX internals redefined.
Package hyperref Info: Bookmarks ON on input line 4751.
\c@Hy@tempcnt=\count90

(/usr/share/texlive/texmf-dist/tex/latex/url/url.sty
\Urlmuskip=\muskip10
Package: url 2013/09/16  ver 3.4  Verb mode for urls, etc.
)
LaTeX Info: Redefining \url on input line 5104.
\XeTeXLinkMargin=\dimen110
\Fld@menulength=\count91
\Field@Width=\dimen111
\Fld@charsize=\dimen112
Package hyperref Info: Hyper figures OFF on input line 6358.
Package hyperref Info: Link nesting OFF on input line 6363.
Package hyperref Info: Hyper index ON on input line 6366.
Package hyperref Info: backreferencing OFF on input line 6373.
Package hyperref Info: Link coloring ON on input line 6376.
Package hyperref Info: Link coloring with OCG OFF on input line 6383.
Package hyperref Info: PDF/A mode OFF on input line 6388.
LaTeX Info: Redefining \ref on input line 6428.
LaTeX Info: Redefining \pageref on input line 6432.
\Hy@abspage=\count92
\c@Item=\count93
\c@Hfootnote=\count94
)

Package hyperref Message: Driver (autodetected): hpdftex.

(/usr/share/texlive/texmf-dist/tex/latex/hyperref/hpdftex.def
File: hpdftex.def 2017/03/14 v6.85a Hyperref driver for pdfTeX
\Fld@listcount=\count95
\c@bookmark@seq@number=\count96

(/usr/share/texlive/texmf-dist/tex/latex/oberdiek/rerunfilecheck.sty
Package: rerunfilecheck 2016/05/16 v1.8 Rerun checks for auxiliary files (HO)
Package uniquecounter Info: New unique counter `rerunfilecheck' on input line 2
82.
)
\Hy@SectionHShift=\skip44
)
(/usr/share/texlive/texmf-dist/tex/latex/listings/listings.sty
\lst@mode=\count97
\lst@gtempboxa=\box26
\lst@token=\toks15
\lst@length=\count98
\lst@currlwidth=\dimen113
\lst@column=\count99
\lst@pos=\count100
\lst@lostspace=\dimen114
\lst@width=\dimen115
\lst@newlines=\count101
\lst@lineno=\count102
\lst@maxwidth=\dimen116

(/usr/share/texlive/texmf-dist/tex/latex/listings/lstmisc.sty
File: lstmisc.sty 2015/06/04 1.6 (Carsten Heinz)
\c@lstnumber=\count103
\lst@skipnumbers=\count104
\lst@framebox=\box27
)
(/usr/share/texlive/texmf-dist/tex/latex/listings/listings.cfg
File: listings.cfg 2015/06/04 1.6 listings configuration
))
Package: listings 2015/06/04 1.6 (Carsten Heinz)

(/usr/share/texlive/texmf-dist/tex/latex/listings/lstlang1.sty
File: lstlang1.sty 2015/06/04 1.6 listings language file
)
(/usr/share/texlive/texmf-dist/tex/latex/upquote/upquote.sty
Package: upquote 2012/04/19 v1.3 upright-quote and grave-accent glyphs in verba
tim
)
(./5_Processing_Data.aux)
\openout1 = `5_Processing_Data.aux'.

LaTeX Font Info:    Checking defaults for OML/cmm/m/it on input line 143.
LaTeX Font Info:    ... okay on input line 143.
LaTeX Font Info:    Checking defaults for T1/cmr/m/n on input line 143.
LaTeX Font Info:    ... okay on input line 143.
LaTeX Font Info:    Checking defaults for OT1/cmr/m/n on input line 143.
LaTeX Font Info:    ... okay on input line 143.
LaTeX Font Info:    Checking defaults for OMS/cmsy/m/n on input line 143.
LaTeX Font Info:    ... okay on input line 143.
LaTeX Font Info:    Checking defaults for OMX/cmex/m/n on input line 143.
LaTeX Font Info:    ... okay on input line 143.
LaTeX Font Info:    Checking defaults for U/cmr/m/n on input line 143.
LaTeX Font Info:    ... okay on input line 143.
LaTeX Font Info:    Checking defaults for PD1/pdf/m/n on input line 143.
LaTeX Font Info:    ... okay on input line 143.

(/usr/share/texlive/texmf-dist/tex/context/base/mkii/supp-pdf.mkii
[Loading MPS to PDF converter (version 2006.09.02).]
\scratchcounter=\count105
\scratchdimen=\dimen117
\scratchbox=\box28
\nofMPsegments=\count106
\nofMParguments=\count107
\everyMPshowfont=\toks16
\MPscratchCnt=\count108
\MPscratchDim=\dimen118
\MPnumerator=\count109
\makeMPintoPDFobject=\count110
\everyMPtoPDFconversion=\toks17
) (/usr/share/texlive/texmf-dist/tex/latex/oberdiek/epstopdf-base.sty
Package: epstopdf-base 2016/05/15 v2.6 Base part for package epstopdf

(/usr/share/texlive/texmf-dist/tex/latex/oberdiek/grfext.sty
Package: grfext 2016/05/16 v1.2 Manage graphics extensions (HO)
)
Package epstopdf-base Info: Redefining graphics rule for `.eps' on input line 4
38.
Package grfext Info: Graphics extension search list:
(grfext)             [.pdf,.png,.jpg,.mps,.jpeg,.jbig2,.jb2,.PDF,.PNG,.JPG,.JPE
G,.JBIG2,.JB2,.eps]
(grfext)             \AppendGraphicsExtensions on input line 456.

(/usr/share/texlive/texmf-dist/tex/latex/latexconfig/epstopdf-sys.cfg
File: epstopdf-sys.cfg 2010/07/13 v1.3 Configuration of (r)epstopdf for TeX Liv
e
))
\AtBeginShipoutBox=\box29
Package hyperref Info: Link coloring ON on input line 143.

(/usr/share/texlive/texmf-dist/tex/latex/hyperref/nameref.sty
Package: nameref 2016/05/21 v2.44 Cross-referencing by name of section

(/usr/share/texlive/texmf-dist/tex/generic/oberdiek/gettitlestring.sty
Package: gettitlestring 2016/05/16 v1.5 Cleanup title references (HO)
)
\c@section@level=\count111
)
LaTeX Info: Redefining \ref on input line 143.
LaTeX Info: Redefining \pageref on input line 143.
LaTeX Info: Redefining \nameref on input line 143.

(./5_Processing_Data.out) (./5_Processing_Data.out)
\@outlinefile=\write3
\openout3 = `5_Processing_Data.out'.


(/usr/share/texlive/texmf-dist/tex/latex/base/textcomp.sty
Package: textcomp 2017/04/05 v2.0i Standard LaTeX package
Package textcomp Info: Sub-encoding information:
(textcomp)               5 = only ISO-Adobe without \textcurrency
(textcomp)               4 = 5 + \texteuro
(textcomp)               3 = 4 + \textohm
(textcomp)               2 = 3 + \textestimated + \textcurrency
(textcomp)               1 = TS1 - \textcircled - \t
(textcomp)               0 = TS1 (full)
(textcomp)             Font families with sub-encoding setting implement
(textcomp)             only a restricted character set as indicated.
(textcomp)             Family '?' is the default used for unknown fonts.
(textcomp)             See the documentation for details.
Package textcomp Info: Setting ? sub-encoding to TS1/1 on input line 79.

(/usr/share/texlive/texmf-dist/tex/latex/base/ts1enc.def
File: ts1enc.def 2001/06/05 v3.0e (jk/car/fm) Standard LaTeX file
)
LaTeX Info: Redefining \oldstylenums on input line 334.
Package textcomp Info: Setting cmr sub-encoding to TS1/0 on input line 349.
Package textcomp Info: Setting cmss sub-encoding to TS1/0 on input line 350.
Package textcomp Info: Setting cmtt sub-encoding to TS1/0 on input line 351.
Package textcomp Info: Setting cmvtt sub-encoding to TS1/0 on input line 352.
Package textcomp Info: Setting cmbr sub-encoding to TS1/0 on input line 353.
Package textcomp Info: Setting cmtl sub-encoding to TS1/0 on input line 354.
Package textcomp Info: Setting ccr sub-encoding to TS1/0 on input line 355.
Package textcomp Info: Setting ptm sub-encoding to TS1/4 on input line 356.
Package textcomp Info: Setting pcr sub-encoding to TS1/4 on input line 357.
Package textcomp Info: Setting phv sub-encoding to TS1/4 on input line 358.
Package textcomp Info: Setting ppl sub-encoding to TS1/3 on input line 359.
Package textcomp Info: Setting pag sub-encoding to TS1/4 on input line 360.
Package textcomp Info: Setting pbk sub-encoding to TS1/4 on input line 361.
Package textcomp Info: Setting pnc sub-encoding to TS1/4 on input line 362.
Package textcomp Info: Setting pzc sub-encoding to TS1/4 on input line 363.
Package textcomp Info: Setting bch sub-encoding to TS1/4 on input line 364.
Package textcomp Info: Setting put sub-encoding to TS1/5 on input line 365.
Package textcomp Info: Setting uag sub-encoding to TS1/5 on input line 366.
Package textcomp Info: Setting ugq sub-encoding to TS1/5 on input line 367.
Package textcomp Info: Setting ul8 sub-encoding to TS1/4 on input line 368.
Package textcomp Info: Setting ul9 sub-encoding to TS1/4 on input line 369.
Package textcomp Info: Setting augie sub-encoding to TS1/5 on input line 370.
Package textcomp Info: Setting dayrom sub-encoding to TS1/3 on input line 371.
Package textcomp Info: Setting dayroms sub-encoding to TS1/3 on input line 372.

Package textcomp Info: Setting pxr sub-encoding to TS1/0 on input line 373.
Package textcomp Info: Setting pxss sub-encoding to TS1/0 on input line 374.
Package textcomp Info: Setting pxtt sub-encoding to TS1/0 on input line 375.
Package textcomp Info: Setting txr sub-encoding to TS1/0 on input line 376.
Package textcomp Info: Setting txss sub-encoding to TS1/0 on input line 377.
Package textcomp Info: Setting txtt sub-encoding to TS1/0 on input line 378.
Package textcomp Info: Setting lmr sub-encoding to TS1/0 on input line 379.
Package textcomp Info: Setting lmdh sub-encoding to TS1/0 on input line 380.
Package textcomp Info: Setting lmss sub-encoding to TS1/0 on input line 381.
Package textcomp Info: Setting lmssq sub-encoding to TS1/0 on input line 382.
Package textcomp Info: Setting lmvtt sub-encoding to TS1/0 on input line 383.
Package textcomp Info: Setting lmtt sub-encoding to TS1/0 on input line 384.
Package textcomp Info: Setting qhv sub-encoding to TS1/0 on input line 385.
Package textcomp Info: Setting qag sub-encoding to TS1/0 on input line 386.
Package textcomp Info: Setting qbk sub-encoding to TS1/0 on input line 387.
Package textcomp Info: Setting qcr sub-encoding to TS1/0 on input line 388.
Package textcomp Info: Setting qcs sub-encoding to TS1/0 on input line 389.
Package textcomp Info: Setting qpl sub-encoding to TS1/0 on input line 390.
Package textcomp Info: Setting qtm sub-encoding to TS1/0 on input line 391.
Package textcomp Info: Setting qzc sub-encoding to TS1/0 on input line 392.
Package textcomp Info: Setting qhvc sub-encoding to TS1/0 on input line 393.
Package textcomp Info: Setting futs sub-encoding to TS1/4 on input line 394.
Package textcomp Info: Setting futx sub-encoding to TS1/4 on input line 395.
Package textcomp Info: Setting futj sub-encoding to TS1/4 on input line 396.
Package textcomp Info: Setting hlh sub-encoding to TS1/3 on input line 397.
Package textcomp Info: Setting hls sub-encoding to TS1/3 on input line 398.
Package textcomp Info: Setting hlst sub-encoding to TS1/3 on input line 399.
Package textcomp Info: Setting hlct sub-encoding to TS1/5 on input line 400.
Package textcomp Info: Setting hlx sub-encoding to TS1/5 on input line 401.
Package textcomp Info: Setting hlce sub-encoding to TS1/5 on input line 402.
Package textcomp Info: Setting hlcn sub-encoding to TS1/5 on input line 403.
Package textcomp Info: Setting hlcw sub-encoding to TS1/5 on input line 404.
Package textcomp Info: Setting hlcf sub-encoding to TS1/5 on input line 405.
Package textcomp Info: Setting pplx sub-encoding to TS1/3 on input line 406.
Package textcomp Info: Setting pplj sub-encoding to TS1/3 on input line 407.
Package textcomp Info: Setting ptmx sub-encoding to TS1/4 on input line 408.
Package textcomp Info: Setting ptmj sub-encoding to TS1/4 on input line 409.
)
\c@lstlisting=\count112
LaTeX Font Info:    External font `cmex10' loaded for size
(Font)              <7> on input line 149.
LaTeX Font Info:    External font `cmex10' loaded for size
(Font)              <5> on input line 149.
<images/4_SensorSchematic.jpg, id=85, 1102.1175pt x 440.64626pt>
File: images/4_SensorSchematic.jpg Graphic file (type jpg)
<use images/4_SensorSchematic.jpg>
Package pdftex.def Info: images/4_SensorSchematic.jpg  used on input line 154. 
on input line 154.
Package pdftex.def Info: Requested size: 345.0pt x 137.93694pt on input line 15
4.
<images/4_Measurement-principle.png, id=87, 1027.84pt x 820.06375pt>
File: images/4_Measurement-principle.png Graphic file (type png)
<use images/4_Measurement-principle.png>
Package pdftex.def Info: images/4_Measurement-principle.png  used on input line
 162. on input line 162.
Package pdftex.def Info: Requested size: 241.49895pt x 192.67746pt on input lin
e 162.
Missing character: There is no ï in font cmr10!
Missing character: There is no ¼ in font cmr10!
Missing character: There is no ˆ in font cmr10!
Missing character: There is no ï in font cmr10!
Missing character: There is no ¼ in font cmr10!
Missing character: There is no Œ in font cmr10!
LaTeX Font Info:    External font `cmex10' loaded for size
(Font)              <8> on input line 174.
LaTeX Font Info:    External font `cmex10' loaded for size
(Font)              <6> on input line 174.
Missing character: There is no ï in font cmr10!
Missing character: There is no ¼ in font cmr10!
Missing character: There is no ˆ in font cmr10!
Missing character: There is no ï in font cmr10!
Missing character: There is no ¼ in font cmr10!
Missing character: There is no Œ in font cmr10!
Missing character: There is no ï in font cmr10!
Missing character: There is no ¼ in font cmr10!
Missing character: There is no ‰ in font cmr10!
Missing character: There is no ï in font cmr10!
Missing character: There is no ¼ in font cmr10!
Missing character: There is no ˆ in font cmr10!
Missing character: There is no ï in font cmr10!
Missing character: There is no ¼ in font cmr10!
Missing character: There is no Œ in font cmr10!
Missing character: There is no ï in font cmr10!
Missing character: There is no ¼ in font cmr10!
Missing character: There is no ‰ in font cmr10!
Missing character: There is no ï in font cmr10!
Missing character: There is no ¼ in font cmr10!
Missing character: There is no ˆ in font cmr10!
Missing character: There is no ï in font cmr10!
Missing character: There is no ¼ in font cmr10!
Missing character: There is no ‰ in font cmr10!
 [1{/usr/share/texlive/texmf-dist/fonts/map/pdftex/updmap/pdftex.map}

 <./images/4_SensorSchematic.jpg>] [2 <./images/4_Measurement-principle.png>]
Missing character: There is no ï in font cmr10!
Missing character: There is no ¼ in font cmr10!
Missing character: There is no ˆ in font cmr10!
Missing character: There is no ï in font cmr10!
Missing character: There is no ¼ in font cmr10!
Missing character: There is no ‰ in font cmr10!
 [3]
<images/4_vncserver_ft.png, id=114, 1927.2pt x 1084.05pt>
File: images/4_vncserver_ft.png Graphic file (type png)
<use images/4_vncserver_ft.png>
Package pdftex.def Info: images/4_vncserver_ft.png  used on input line 216. on 
input line 216.
Package pdftex.def Info: Requested size: 345.0pt x 194.06194pt on input line 21
6.
<images/4_vncserver_ft2.png, id=115, 554.07pt x 361.35pt>
File: images/4_vncserver_ft2.png Graphic file (type png)
<use images/4_vncserver_ft2.png>
Package pdftex.def Info: images/4_vncserver_ft2.png  used on input line 226. on
 input line 226.
Package pdftex.def Info: Requested size: 276.00105pt x 180.00188pt on input lin
e 226.
 [4 <./images/4_vncserver_ft.png>]
<images/4_vncserver_sf.png, id=124, 574.145pt x 389.455pt>
File: images/4_vncserver_sf.png Graphic file (type png)
<use images/4_vncserver_sf.png>
Package pdftex.def Info: images/4_vncserver_sf.png  used on input line 234. on 
input line 234.
Package pdftex.def Info: Requested size: 276.00105pt x 187.22151pt on input lin
e 234.
<images/4_vncserver_sfdm.png, id=125, 380.92313pt x 228.10219pt>
File: images/4_vncserver_sfdm.png Graphic file (type png)
<use images/4_vncserver_sfdm.png>
Package pdftex.def Info: images/4_vncserver_sfdm.png  used on input line 242. o
n input line 242.
Package pdftex.def Info: Requested size: 276.00105pt x 165.27759pt on input lin
e 242.


LaTeX Warning: `!h' float specifier changed to `!ht'.

[5 <./images/4_vncserver_ft2.png> <./images/4_vncserver_sf.png>]
LaTeX Font Info:    Try loading font information for OML+cmr on input line 256.


(/usr/share/texlive/texmf-dist/tex/latex/base/omlcmr.fd
File: omlcmr.fd 2014/09/29 v2.5h Standard LaTeX font definitions
)
LaTeX Font Info:    Font shape `OML/cmr/m/n' in size <8> not available
(Font)              Font shape `OML/cmm/m/it' tried instead on input line 256.
LaTeX Font Info:    Try loading font information for TS1+cmr on input line 262.


(/usr/share/texlive/texmf-dist/tex/latex/base/ts1cmr.fd
File: ts1cmr.fd 2014/09/29 v2.5h Standard LaTeX font definitions
) [6 <./images/4_vncserver_sfdm.PNG>]
Overfull \hbox (32.9967pt too wide) in paragraph at lines 307--307
[][]\OT1/cmtt/m/n/10 filepath.csv[] []=[] []"/home/CAMPUS/mwl04747/github/EJnPi
/data/Air_Quality.csv"[][] 
 []


Overfull \hbox (106.49606pt too wide) in paragraph at lines 308--308
[][]\OT1/cmtt/m/n/10 filepath.csv[] []=[] []"/home/CAMPUS/mwl04747/github/EJnPi
/data/Complete_airquality_data2.csv"[][] 
 []


Overfull \hbox (111.74602pt too wide) in paragraph at lines 309--309
[][]\OT1/cmtt/m/n/10 filepath.csv[] []=[] []"/home/CAMPUS/mwl04747/github/EJnPi
/data/201104_Complete_airquality.csv"[][] 
 []

LaTeX Font Info:    Font shape `OT1/cmtt/bx/n' in size <10> not available
(Font)              Font shape `OT1/cmtt/m/n' tried instead on input line 310.

Overfull \hbox (297.80437pt too wide) in paragraph at lines 314--315
[]\OT1/cmtt/m/n/10 ## Warning in file(file, "rt"): cannot open file '/home/CAMP
US/mwl04747/github/EJnPi/data/201104[]Complete[]airquality.csv':
 []


Overfull \hbox (11.99689pt too wide) in paragraph at lines 318--318
[]    []\OT1/cmtt/m/n/10 "Minute"[][],[] []"Second"[][],[] []"X3"[][],[] []"X4"
[][],[] []"pm1_cf"[][],[] []"X5"[][],[] []"pm25_cf"[][],[] []"X6"[][],[][] 
 []


Overfull \hbox (1.49698pt too wide) in paragraph at lines 323--323
[]\OT1/cmtt/m/n/10 ## Error in names(rawdata) = c("X1", "X2", "Month", "Day", "
Hour",
 []


Overfull \hbox (32.9967pt too wide) in paragraph at lines 339--339
[][]\OT1/cmtt/m/n/10 as.Date[][]([][]with[][](rawdata,[] []paste[][]([][]"2020"
[][], Month, Day,[][]sep[][]=[][]"-"[][])),[] []"%Y-%m-%d"[][])[[][]1[][]][][] 

 []


Overfull \hbox (32.9967pt too wide) in paragraph at lines 343--343
[]\OT1/cmtt/m/n/10 ## Error in with(rawdata, paste("2020", Month, Day, sep = "-
")): object
 []


Overfull \hbox (36.77666pt too wide) in paragraph at lines 358--358
[]\OT1/cmtt/m/n/10 ## Error in with(rawdata, ymd[]hms(paste("2020", Month, Day,
 Hour, Minute,
 []

[7]
Overfull \hbox (3.2331pt too wide) in paragraph at lines 366--366
[][]\OT1/cmtt/m/n/10 rawdata[[][]sample[][]([][]1[][]:[][]nrow[][](rawdata),[] 
[]5[][]),][] []\OT1/cmtt/m/it/10 # random 10 rows, all columns[][] 
 []


Overfull \hbox (1.49698pt too wide) in paragraph at lines 370--370
[]\OT1/cmtt/m/n/10 ## Error in eval(expr, envir, enclos): object 'rawdata' not 
found[] 
 []


Overfull \hbox (38.24666pt too wide) in paragraph at lines 372--372
[][]\OT1/cmtt/m/n/10 cleandata[] []=[] []subset[][](rawdata,[] []select[][]=[][
]c[][](DateTime, pm1_cf, pm25_cf, pm10_cf))[][] 
 []


Overfull \hbox (49.58652pt too wide) in paragraph at lines 376--376
[]\OT1/cmtt/m/n/10 ## Error in subset(rawdata, select = c(DateTime, pm1[]cf, pm
25[]cf, pm10[]cf)):
 []

LaTeX Font Info:    Try loading font information for TS1+cmtt on input line 390
.
(/usr/share/texlive/texmf-dist/tex/latex/base/ts1cmtt.fd
File: ts1cmtt.fd 2014/09/29 v2.5h Standard LaTeX font definitions
)

LaTeX Font Warning: Font shape `TS1/cmtt/bx/n' undefined
(Font)              using `TS1/cmtt/m/n' instead
(Font)              for symbol `textdollar' on input line 390.


Overfull \hbox (21.02556pt too wide) in paragraph at lines 390--390
[]\OT1/cmtt/m/n/10 ## Error in hist(cleandata\TS1/cmtt/m/n/10 $\OT1/cmtt/m/n/10
 pm25[]cf, xlab = "PM2.5 concentration", main
 []


Overfull \hbox (11.99689pt too wide) in paragraph at lines 390--390
\OT1/cmtt/m/n/10 = "Histogram of PM2.5 in Claremont", : object 'cleandata' not 
found[] 
 []


Underfull \hbox (badness 10000) in paragraph at lines 419--420
[]\OT1/cmtt/m/n/10 ## Error in rect(as.POSIXct("2020-10-21 18:00:00 UTC") + off
set,
 []


Underfull \hbox (badness 10000) in paragraph at lines 419--420
\OT1/cmtt/m/n/10 -20, as.POSIXct("2020-10-21 6:00:00 UTC") + : plot.new has not

 []


Underfull \hbox (badness 10000) in paragraph at lines 423--424
[]\OT1/cmtt/m/n/10 ## Error in int[]abline(a = a, b = b, h = h, v = v, untf = u
ntf,
 []


Underfull \hbox (badness 10000) in paragraph at lines 425--426
[]\OT1/cmtt/m/n/10 ## Error in rect(as.POSIXct("2020-10-21 18:00:00 UTC") + off
set,
 []


Underfull \hbox (badness 10000) in paragraph at lines 425--426
\OT1/cmtt/m/n/10 -20, as.POSIXct("2020-10-21 6:00:00 UTC") + : plot.new has not

 []


Underfull \hbox (badness 10000) in paragraph at lines 429--430
[]\OT1/cmtt/m/n/10 ## Error in int[]abline(a = a, b = b, h = h, v = v, untf = u
ntf,
 []


Underfull \hbox (badness 10000) in paragraph at lines 431--431
[]\OT1/cmtt/m/n/10 ## Error in rect(as.POSIXct("2020-10-21 18:00:00 UTC") + off
set,
 []


Underfull \hbox (badness 10000) in paragraph at lines 431--431
\OT1/cmtt/m/n/10 -20, as.POSIXct("2020-10-21 6:00:00 UTC") + : plot.new has not

 []


LaTeX Warning: `h' float specifier changed to `ht'.


LaTeX Warning: Reference `' on page 8 undefined on input line 437.

[8]
LaTeX Font Info:    External font `cmex10' loaded for size
(Font)              <12> on input line 460.


Package hyperref Warning: Token not allowed in a PDF string (PDFDocEncoding):
(hyperref)                removing `math shift' on input line 460.


Package hyperref Warning: Token not allowed in a PDF string (PDFDocEncoding):
(hyperref)                removing `\mu' on input line 460.


Package hyperref Warning: Token not allowed in a PDF string (PDFDocEncoding):
(hyperref)                removing `math shift' on input line 460.

[9] [10]
Overfull \hbox (38.24666pt too wide) in paragraph at lines 537--537
[]\OT1/cmtt/m/n/10 ## Error in with(cleandata, cleandata[hour(DateTime) > 6 & h
our(DateTime)
 []


Overfull \hbox (43.49661pt too wide) in paragraph at lines 544--544
[]\OT1/cmtt/m/n/10 ## Error in with(cleandata, cleandata[hour(DateTime) <= 6 & 
hour(DateTime)
 []


Overfull \hbox (6.74693pt too wide) in paragraph at lines 553--553
[][]\OT1/cmtt/m/n/10 boxplot[][](day[][]$[][]pm25_cf, night[][]$[][]pm25_cf,[] 
[]names[][]=[][]c[][]([][]"Day"[][],[] []"Night"[][]),[] []las[][]=[][]1[][])[]
[] 
 []


Underfull \hbox (badness 10000) in paragraph at lines 557--557
[]\OT1/cmtt/m/n/10 ## Error in day\TS1/cmtt/bx/n/10 $\OT1/cmtt/m/n/10 pm25[]cf:
 object of type 'closure' is not
 []


Overfull \hbox (38.24666pt too wide) in paragraph at lines 579--579
[]\OT1/cmtt/m/n/10 ## Error in subset(cleandata, subset = DateTime >= as.POSIXc
t("2020-10-26
 []

[11]
Overfull \hbox (10.52689pt too wide) in paragraph at lines 627--627
[]\OT1/cmtt/m/n/10 ## Error in group[]by(., DateTime = cut(DateTime, breaks = "
5 min")):
 []

[12]
Overfull \hbox (15.77684pt too wide) in paragraph at lines 642--642
[]\OT1/cmtt/m/n/10 ## Error in group[]by(., DateTime = cut(DateTime, breaks = "
30 min")):
 []


Overfull \hbox (10.52689pt too wide) in paragraph at lines 657--657
[]\OT1/cmtt/m/n/10 ## Error in group[]by(., DateTime = cut(DateTime, breaks = "
1 day")):
 []

[13]
Overfull \hbox (69.74638pt too wide) in paragraph at lines 693--693
[][]\OT1/cmtt/m/n/10 mean30min[][]$[][]DateTime[] []=[] []as.POSIXct[][](mean30
min[][]$[][]DateTime,[] []format[][]=[][]"%Y-%m-%d %H:%M:%S"[][])[][] 
 []


Overfull \hbox (38.24542pt too wide) in paragraph at lines 697--697
[]\OT1/cmtt/m/n/10 ## Error in as.POSIXct(mean30min\TS1/cmtt/bx/n/10 $\OT1/cmtt
/m/n/10 DateTime, format = "%Y-%m-%d %H:%M:%S"):
 []


Overfull \hbox (43.49661pt too wide) in paragraph at lines 725--725
[][]\OT1/cmtt/m/n/10 plot[][](pm25_cf[] []~[] []DateTime,[] []data[][]=mean30mi
n,[] []ty[][]=[][]"l"[][],[] []ylab[][]=[][]"Conc"[][],[] []xlab[][]=[][]"Date"
[][])[][] 
 []


Underfull \hbox (badness 10000) in paragraph at lines 746--746
[]\OT1/cmtt/m/n/10 ## Error in axis(side, at = z, labels = labels, ...): plot.n
ew
 []


Overfull \hbox (17.24684pt too wide) in paragraph at lines 748--748
[]  []\OT1/cmtt/m/n/10 "2020-10-27 00:00:00"[][],[] []"2020-10-28 00:00:00"[][]
)),[] []lwd[][]=[][]2[][],[] []col[][]=[][]"brown"[][])[][] 
 []


Underfull \hbox (badness 10000) in paragraph at lines 752--752
[]\OT1/cmtt/m/n/10 ## Error in int[]abline(a = a, b = b, h = h, v = v, untf = u
ntf,
 []


Underfull \hbox (badness 10000) in paragraph at lines 758--758
[]\OT1/cmtt/m/n/10 ## Error in axis(side, at = z, labels = labels, ...): plot.n
ew
 []

[14] [15]
Overfull \hbox (15.7756pt too wide) in paragraph at lines 775--775
[]\OT1/cmtt/m/n/10 ## Error in day\TS1/cmtt/bx/n/10 $\OT1/cmtt/m/n/10 pm25[]cf:
 object of type 'closure' is not subsettable[] 
 []

Package atveryend Info: Empty hook `BeforeClearDocument' on input line 777.
[16

]
Package atveryend Info: Empty hook `AfterLastShipout' on input line 777.
 (./5_Processing_Data.aux)
Package atveryend Info: Executing hook `AtVeryEndDocument' on input line 777.
Package atveryend Info: Executing hook `AtEndAfterFileList' on input line 777.
Package rerunfilecheck Info: File `5_Processing_Data.out' has not changed.
(rerunfilecheck)             Checksum: A85DC71FF430894E30F6B2598B2E27D0;1494.


LaTeX Font Warning: Some font shapes were not available, defaults substituted.


LaTeX Warning: There were undefined references.

Package atveryend Info: Empty hook `AtVeryVeryEnd' on input line 777.
 ) 
Here is how much of TeX's memory you used:
 7520 strings out of 494917
 110307 string characters out of 6180699
 224592 words of memory out of 5000000
 10705 multiletter control sequences out of 15000+600000
 8901 words of font info for 32 fonts, out of 8000000 for 9000
 14 hyphenation exceptions out of 8191
 28i,8n,40p,848b,1298s stack positions out of 5000i,500n,10000p,200000b,80000s
{/usr/share/texlive/texmf-dist/fonts/enc/dvips/cm-super/cm-super-ts1.enc}</us
r/share/texlive/texmf-dist/fonts/type1/public/amsfonts/cm/cmbx10.pfb></usr/shar
e/texlive/texmf-dist/fonts/type1/public/amsfonts/cm/cmbx12.pfb></usr/share/texl
ive/texmf-dist/fonts/type1/public/amsfonts/cm/cmitt10.pfb></usr/share/texlive/t
exmf-dist/fonts/type1/public/amsfonts/cm/cmmi10.pfb></usr/share/texlive/texmf-d
ist/fonts/type1/public/amsfonts/cm/cmmi12.pfb></usr/share/texlive/texmf-dist/fo
nts/type1/public/amsfonts/cm/cmmi7.pfb></usr/share/texlive/texmf-dist/fonts/typ
e1/public/amsfonts/cm/cmmi8.pfb></usr/share/texlive/texmf-dist/fonts/type1/publ
ic/amsfonts/cm/cmr10.pfb></usr/share/texlive/texmf-dist/fonts/type1/public/amsf
onts/cm/cmr5.pfb></usr/share/texlive/texmf-dist/fonts/type1/public/amsfonts/cm/
cmr6.pfb></usr/share/texlive/texmf-dist/fonts/type1/public/amsfonts/cm/cmr7.pfb
></usr/share/texlive/texmf-dist/fonts/type1/public/amsfonts/cm/cmr8.pfb></usr/s
hare/texlive/texmf-dist/fonts/type1/public/amsfonts/cm/cmtt10.pfb></usr/share/t
exlive/texmf-dist/fonts/type1/public/cm-super/sfrm0800.pfb></usr/share/texlive/
texmf-dist/fonts/type1/public/cm-super/sfrm1000.pfb></usr/share/texlive/texmf-d
ist/fonts/type1/public/cm-super/sftt1000.pfb>
Output written on 5_Processing_Data.pdf (16 pages, 1606869 bytes).
PDF statistics:
 285 PDF objects out of 1000 (max. 8388607)
 239 compressed objects within 3 object streams
 63 named destinations out of 1000 (max. 500000)
 191 words of extra memory for PDF output out of 10000 (max. 10000000)

